Using pre-set license
Built from '2020.3/staging' branch; Version is '2020.3.26f1 (7298b473bc1a) revision 7510196'; Using compiler version '192528614'; Build Type 'Release'
OS: 'Windows 10  (10.0.19043) 64bit Core' Language: 'en' Physical Memory: 32686 MB
BatchMode: 1, IsHumanControllingUs: 0, StartBugReporterOnCrash: 0, Is64bit: 1, IsPro: 0

COMMAND LINE ARGUMENTS:
D:\Graphic Design\Unity\Unity Projects\2020.3.26f1\Editor\Unity.exe
-adb2
-batchMode
-noUpm
-name
AssetImportWorker0
-projectPath
D:/COLLEGE BOIII/Unity Projects/Gui Learner
-logFile
Logs/AssetImportWorker0.log
-srvPort
54035
Successfully changed project path to: D:/COLLEGE BOIII/Unity Projects/Gui Learner
D:/COLLEGE BOIII/Unity Projects/Gui Learner
Using Asset Import Pipeline V2.
Refreshing native plugins compatible for Editor in 25.19 ms, found 2 plugins.
Preloading 0 native plugins for Editor in 0.00 ms.
Initialize engine version: 2020.3.26f1 (7298b473bc1a)
[Subsystems] Discovering subsystems at path D:/Graphic Design/Unity/Unity Projects/2020.3.26f1/Editor/Data/Resources/UnitySubsystems
[Subsystems] Discovering subsystems at path D:/COLLEGE BOIII/Unity Projects/Gui Learner/Assets
GfxDevice: creating device client; threaded=0
Direct3D:
    Version:  Direct3D 11.0 [level 11.1]
    Renderer: NVIDIA GeForce RTX 2080 SUPER (ID=0x1e81)
    Vendor:   
    VRAM:     8010 MB
    Driver:   30.0.14.9729
Initialize mono
Mono path[0] = 'D:/Graphic Design/Unity/Unity Projects/2020.3.26f1/Editor/Data/Managed'
Mono path[1] = 'D:/Graphic Design/Unity/Unity Projects/2020.3.26f1/Editor/Data/MonoBleedingEdge/lib/mono/unityjit'
Mono config path = 'D:/Graphic Design/Unity/Unity Projects/2020.3.26f1/Editor/Data/MonoBleedingEdge/etc'
Using monoOptions --debugger-agent=transport=dt_socket,embedding=1,server=y,suspend=n,address=127.0.0.1:56964
Begin MonoManager ReloadAssembly
Registering precompiled unity dll's ...
Register platform support module: D:/Graphic Design/Unity/Unity Projects/2020.3.26f1/Editor/Data/PlaybackEngines/WindowsStandaloneSupport/UnityEditor.WindowsStandalone.Extensions.dll
Registered in 0.000880 seconds.
Native extension for WindowsStandalone target not found
Refreshing native plugins compatible for Editor in 25.62 ms, found 2 plugins.
Preloading 0 native plugins for Editor in 0.00 ms.
Mono: successfully reloaded assembly
- Completed reload, in  0.469 seconds
Domain Reload Profiling:
	ReloadAssembly (469ms)
		BeginReloadAssembly (50ms)
			ExecutionOrderSort (0ms)
			DisableScriptedObjects (0ms)
			BackupInstance (0ms)
			ReleaseScriptingObjects (0ms)
			CreateAndSetChildDomain (1ms)
		EndReloadAssembly (363ms)
			LoadAssemblies (49ms)
			RebuildTransferFunctionScriptingTraits (0ms)
			SetupTypeCache (125ms)
			ReleaseScriptCaches (0ms)
			RebuildScriptCaches (23ms)
			SetupLoadedEditorAssemblies (134ms)
				LogAssemblyErrors (0ms)
				InitializePlatformSupportModulesInManaged (3ms)
				SetLoadedEditorAssemblies (0ms)
				RefreshPlugins (26ms)
				BeforeProcessingInitializeOnLoad (12ms)
				ProcessInitializeOnLoadAttributes (70ms)
				ProcessInitializeOnLoadMethodAttributes (23ms)
				AfterProcessingInitializeOnLoad (0ms)
				EditorAssembliesLoaded (0ms)
			ExecutionOrderSort2 (0ms)
			AwakeInstancesAfterBackupRestoration (0ms)
Platform modules already initialized, skipping
Registering precompiled user dll's ...
Registered in 0.002743 seconds.
Begin MonoManager ReloadAssembly
Native extension for WindowsStandalone target not found
Refreshing native plugins compatible for Editor in 0.40 ms, found 2 plugins.
Preloading 0 native plugins for Editor in 0.00 ms.
Mono: successfully reloaded assembly
- Completed reload, in  0.804 seconds
Domain Reload Profiling:
	ReloadAssembly (804ms)
		BeginReloadAssembly (122ms)
			ExecutionOrderSort (0ms)
			DisableScriptedObjects (4ms)
			BackupInstance (0ms)
			ReleaseScriptingObjects (0ms)
			CreateAndSetChildDomain (15ms)
		EndReloadAssembly (637ms)
			LoadAssemblies (76ms)
			RebuildTransferFunctionScriptingTraits (0ms)
			SetupTypeCache (232ms)
			ReleaseScriptCaches (0ms)
			RebuildScriptCaches (32ms)
			SetupLoadedEditorAssemblies (233ms)
				LogAssemblyErrors (0ms)
				InitializePlatformSupportModulesInManaged (3ms)
				SetLoadedEditorAssemblies (0ms)
				RefreshPlugins (1ms)
				BeforeProcessingInitializeOnLoad (58ms)
				ProcessInitializeOnLoadAttributes (160ms)
				ProcessInitializeOnLoadMethodAttributes (8ms)
				AfterProcessingInitializeOnLoad (2ms)
				EditorAssembliesLoaded (0ms)
			ExecutionOrderSort2 (0ms)
			AwakeInstancesAfterBackupRestoration (5ms)
Platform modules already initialized, skipping
========================================================================
Worker process is ready to serve import requests
Launched and connected shader compiler UnityShaderCompiler.exe after 0.09 seconds
Refreshing native plugins compatible for Editor in 0.62 ms, found 2 plugins.
Preloading 0 native plugins for Editor in 0.00 ms.
Unloading 1503 Unused Serialized files (Serialized files now loaded: 0)
System memory in use before: 67.5 MB.
System memory in use after: 67.5 MB.

Unloading 19 unused Assets to reduce memory usage. Loaded Objects now: 1935.
Total: 2.117600 ms (FindLiveObjects: 0.119300 ms CreateObjectMapping: 0.040800 ms MarkObjects: 1.890700 ms  DeleteObjects: 0.065800 ms)

AssetImportParameters requested are different than current active one (requested -> active):
  custom:framework-win-MediaFoundation: 216162199b28c13a410421893ffa2e32 -> 
  custom:video-decoder-ogg-theora: a1e56fd34408186e4bbccfd4996cb3dc -> 
  custom:container-muxer-webm: aa71ff27fc2769a1b78a27578f13a17b -> 
  custom:container-demuxer-webm: 4f35f7cbe854078d1ac9338744f61a02 -> 
  custom:container-demuxer-ogg: 62fdf1f143b41e24485cea50d1cbac27 -> 
  custom:video-encoder-webm-vp8: eb34c28f22e8b96e1ab97ce403110664 -> 
  custom:video-decoder-webm-vp8: 9c59270c3fd7afecdb556c50c9e8de78 -> 
  custom:audio-decoder-ogg-vorbis: bf7c407c2cedff20999df2af8eb42d56 -> 
  custom:audio-encoder-webm-vorbis: bf7c407c2cedff20999df2af8eb42d56 -> 
========================================================================
Received Import Request.
  path: Packages/com.unity.test-framework/package.json
  artifactKey: Guid(d6a2e6e4803de7b43baacdc355fc144d) Importer(815301076,1909f56bfc062723c751e8b465ee728b)
Start importing Packages/com.unity.test-framework/package.json using Guid(d6a2e6e4803de7b43baacdc355fc144d) Importer(815301076,1909f56bfc062723c751e8b465ee728b)  -> (artifact id: '348d0090788821c173ed5a91192d97b9') in 0.039321 seconds 
  Import took 0.041769 seconds .

========================================================================
Received Import Request.
  Time since last request: 0.000409 seconds.
  path: Packages/com.unity.services.core/package.json
  artifactKey: Guid(182c5bcc97fc21747a9ca5e01da1ed3f) Importer(815301076,1909f56bfc062723c751e8b465ee728b)
Start importing Packages/com.unity.services.core/package.json using Guid(182c5bcc97fc21747a9ca5e01da1ed3f) Importer(815301076,1909f56bfc062723c751e8b465ee728b)  -> (artifact id: '25b8084c496b82982a982aa19ee0d890') in 0.006085 seconds 
  Import took 0.008143 seconds .

========================================================================
Received Import Request.
  Time since last request: 0.000135 seconds.
  path: Packages/com.unity.textmeshpro/package.json
  artifactKey: Guid(220e9325710f4235a43492dd1ee4980d) Importer(815301076,1909f56bfc062723c751e8b465ee728b)
Start importing Packages/com.unity.textmeshpro/package.json using Guid(220e9325710f4235a43492dd1ee4980d) Importer(815301076,1909f56bfc062723c751e8b465ee728b)  -> (artifact id: '2c6d4de5db3a39bcb3575c98dc9df750') in 0.005339 seconds 
  Import took 0.007691 seconds .

========================================================================
Received Import Request.
  Time since last request: 0.000144 seconds.
  path: Packages/com.unity.ext.nunit/package.json
  artifactKey: Guid(8143d3a8390f2c64685e3bc272bd9e90) Importer(815301076,1909f56bfc062723c751e8b465ee728b)
Start importing Packages/com.unity.ext.nunit/package.json using Guid(8143d3a8390f2c64685e3bc272bd9e90) Importer(815301076,1909f56bfc062723c751e8b465ee728b)  -> (artifact id: '36f449bd9ed4a92e06d659da724da745') in 0.005365 seconds 
  Import took 0.007180 seconds .

========================================================================
Received Import Request.
  Time since last request: 0.000129 seconds.
  path: Packages/com.unity.ide.rider/package.json
  artifactKey: Guid(66c95bb3c74257f41bae2622511dc02d) Importer(815301076,1909f56bfc062723c751e8b465ee728b)
Start importing Packages/com.unity.ide.rider/package.json using Guid(66c95bb3c74257f41bae2622511dc02d) Importer(815301076,1909f56bfc062723c751e8b465ee728b)  -> (artifact id: 'ff96f7b61e94a0dc9b975679be81ead9') in 0.004273 seconds 
  Import took 0.005901 seconds .

========================================================================
Received Import Request.
  Time since last request: 0.000113 seconds.
  path: Packages/com.unity.nuget.newtonsoft-json/package.json
  artifactKey: Guid(f8d4e5c2f2df25449ae8c391afbe5114) Importer(815301076,1909f56bfc062723c751e8b465ee728b)
Start importing Packages/com.unity.nuget.newtonsoft-json/package.json using Guid(f8d4e5c2f2df25449ae8c391afbe5114) Importer(815301076,1909f56bfc062723c751e8b465ee728b)  -> (artifact id: '3887d1616531507fa9c4f23ac1ba7ce0') in 0.006025 seconds 
  Import took 0.008125 seconds .

========================================================================
Received Import Request.
  Time since last request: 0.256611 seconds.
  path: Packages/com.unity.timeline/package.json
  artifactKey: Guid(13a9c1b4df2e489e8eb9cacca7429596) Importer(815301076,1909f56bfc062723c751e8b465ee728b)
Start importing Packages/com.unity.timeline/package.json using Guid(13a9c1b4df2e489e8eb9cacca7429596) Importer(815301076,1909f56bfc062723c751e8b465ee728b)  -> (artifact id: '82c6c08db8f434b9305b26de0687e812') in 0.006184 seconds 
  Import took 0.008284 seconds .

========================================================================
Received Import Request.
  Time since last request: 0.339297 seconds.
  path: Packages/com.unity.ugui/package.json
  artifactKey: Guid(319b8889f363f5947acf209c17a94149) Importer(815301076,1909f56bfc062723c751e8b465ee728b)
Start importing Packages/com.unity.ugui/package.json using Guid(319b8889f363f5947acf209c17a94149) Importer(815301076,1909f56bfc062723c751e8b465ee728b)  -> (artifact id: '39d1f12f0f4420a8b9dea50868bbb5d0') in 0.004537 seconds 
  Import took 0.006521 seconds .

========================================================================
Received Import Request.
  Time since last request: 0.337422 seconds.
  path: Packages/com.unity.collab-proxy/package.json
  artifactKey: Guid(743fda8c4b219c8429fb5a77ede1c879) Importer(815301076,1909f56bfc062723c751e8b465ee728b)
Start importing Packages/com.unity.collab-proxy/package.json using Guid(743fda8c4b219c8429fb5a77ede1c879) Importer(815301076,1909f56bfc062723c751e8b465ee728b)  -> (artifact id: '61192084aef7792a85a51e854e8b6b6f') in 0.006305 seconds 
  Import took 0.008701 seconds .

========================================================================
Received Import Request.
  Time since last request: 0.365649 seconds.
  path: Packages/com.unity.ide.vscode/package.json
  artifactKey: Guid(ffc6271f08270b64ca0aae9c49235d81) Importer(815301076,1909f56bfc062723c751e8b465ee728b)
Start importing Packages/com.unity.ide.vscode/package.json using Guid(ffc6271f08270b64ca0aae9c49235d81) Importer(815301076,1909f56bfc062723c751e8b465ee728b)  -> (artifact id: 'fc2eb58b715695d862cee57d9b6e36af') in 0.004263 seconds 
  Import took 0.006112 seconds .

========================================================================
Received Import Request.
  Time since last request: 0.415598 seconds.
  path: Packages/com.unity.ide.visualstudio/package.json
  artifactKey: Guid(656f74f6edaa396458412b9e3903d8cd) Importer(815301076,1909f56bfc062723c751e8b465ee728b)
Start importing Packages/com.unity.ide.visualstudio/package.json using Guid(656f74f6edaa396458412b9e3903d8cd) Importer(815301076,1909f56bfc062723c751e8b465ee728b)  -> (artifact id: '2dbbbecbf6b62e0f0ea428d10de5a339') in 0.005365 seconds 
  Import took 0.007449 seconds .

========================================================================
Received Import Request.
  Time since last request: 40.908808 seconds.
  path: Assets/Scenes
  artifactKey: Guid(72ccf3449982dcb45852715b526566b6) Importer(815301076,1909f56bfc062723c751e8b465ee728b)
Start importing Assets/Scenes using Guid(72ccf3449982dcb45852715b526566b6) Importer(815301076,1909f56bfc062723c751e8b465ee728b)  -> (artifact id: 'fd2982a3df3038bee57f4d72c3f889f2') in 0.004157 seconds 
  Import took 0.006389 seconds .

========================================================================
Received Import Request.
  Time since last request: 0.584578 seconds.
  path: Assets/Scenes/SampleScene.unity
  artifactKey: Guid(9fc0d4010bbf28b4594072e72b8655ab) Importer(815301076,1909f56bfc062723c751e8b465ee728b)
Start importing Assets/Scenes/SampleScene.unity using Guid(9fc0d4010bbf28b4594072e72b8655ab) Importer(815301076,1909f56bfc062723c751e8b465ee728b)  -> (artifact id: '85059f4f9e1a832ed95adaa0d25c5c4c') in 0.005110 seconds 
  Import took 0.007038 seconds .

========================================================================
Received Prepare
Refreshing native plugins compatible for Editor in 2.50 ms, found 2 plugins.
Preloading 0 native plugins for Editor in 0.00 ms.
Unloading 12 Unused Serialized files (Serialized files now loaded: 0)
System memory in use before: 37.8 MB.
System memory in use after: 37.9 MB.

Unloading 12 unused Assets to reduce memory usage. Loaded Objects now: 1935.
Total: 2.241900 ms (FindLiveObjects: 0.136500 ms CreateObjectMapping: 0.050300 ms MarkObjects: 2.046300 ms  DeleteObjects: 0.008100 ms)

AssetImportParameters requested are different than current active one (requested -> active):
  custom:framework-win-MediaFoundation: 216162199b28c13a410421893ffa2e32 -> 
  custom:video-decoder-ogg-theora: a1e56fd34408186e4bbccfd4996cb3dc -> 
  custom:container-muxer-webm: aa71ff27fc2769a1b78a27578f13a17b -> 
  custom:container-demuxer-webm: 4f35f7cbe854078d1ac9338744f61a02 -> 
  custom:container-demuxer-ogg: 62fdf1f143b41e24485cea50d1cbac27 -> 
  custom:video-encoder-webm-vp8: eb34c28f22e8b96e1ab97ce403110664 -> 
  custom:video-decoder-webm-vp8: 9c59270c3fd7afecdb556c50c9e8de78 -> 
  custom:audio-decoder-ogg-vorbis: bf7c407c2cedff20999df2af8eb42d56 -> 
  custom:audio-encoder-webm-vorbis: bf7c407c2cedff20999df2af8eb42d56 -> 
========================================================================
Received Prepare
Registering precompiled user dll's ...
Registered in 0.002703 seconds.
Begin MonoManager ReloadAssembly
Native extension for WindowsStandalone target not found
Refreshing native plugins compatible for Editor in 0.27 ms, found 2 plugins.
Preloading 0 native plugins for Editor in 0.00 ms.
Mono: successfully reloaded assembly
- Completed reload, in  0.719 seconds
Domain Reload Profiling:
	ReloadAssembly (719ms)
		BeginReloadAssembly (89ms)
			ExecutionOrderSort (0ms)
			DisableScriptedObjects (3ms)
			BackupInstance (0ms)
			ReleaseScriptingObjects (0ms)
			CreateAndSetChildDomain (24ms)
		EndReloadAssembly (587ms)
			LoadAssemblies (74ms)
			RebuildTransferFunctionScriptingTraits (0ms)
			SetupTypeCache (214ms)
			ReleaseScriptCaches (1ms)
			RebuildScriptCaches (28ms)
			SetupLoadedEditorAssemblies (209ms)
				LogAssemblyErrors (0ms)
				InitializePlatformSupportModulesInManaged (3ms)
				SetLoadedEditorAssemblies (0ms)
				RefreshPlugins (0ms)
				BeforeProcessingInitializeOnLoad (53ms)
				ProcessInitializeOnLoadAttributes (144ms)
				ProcessInitializeOnLoadMethodAttributes (7ms)
				AfterProcessingInitializeOnLoad (2ms)
				EditorAssembliesLoaded (0ms)
			ExecutionOrderSort2 (0ms)
			AwakeInstancesAfterBackupRestoration (5ms)
Platform modules already initialized, skipping
Refreshing native plugins compatible for Editor in 0.27 ms, found 2 plugins.
Preloading 0 native plugins for Editor in 0.00 ms.
Unloading 1497 Unused Serialized files (Serialized files now loaded: 0)
System memory in use before: 67.4 MB.
System memory in use after: 67.5 MB.

Unloading 14 unused Assets to reduce memory usage. Loaded Objects now: 1937.
Total: 1.893900 ms (FindLiveObjects: 0.099900 ms CreateObjectMapping: 0.039200 ms MarkObjects: 1.743500 ms  DeleteObjects: 0.010700 ms)

AssetImportParameters requested are different than current active one (requested -> active):
  custom:framework-win-MediaFoundation: 216162199b28c13a410421893ffa2e32 -> 
  custom:video-decoder-ogg-theora: a1e56fd34408186e4bbccfd4996cb3dc -> 
  custom:container-muxer-webm: aa71ff27fc2769a1b78a27578f13a17b -> 
  custom:container-demuxer-webm: 4f35f7cbe854078d1ac9338744f61a02 -> 
  custom:container-demuxer-ogg: 62fdf1f143b41e24485cea50d1cbac27 -> 
  custom:video-encoder-webm-vp8: eb34c28f22e8b96e1ab97ce403110664 -> 
  custom:video-decoder-webm-vp8: 9c59270c3fd7afecdb556c50c9e8de78 -> 
  custom:audio-decoder-ogg-vorbis: bf7c407c2cedff20999df2af8eb42d56 -> 
  custom:audio-encoder-webm-vorbis: bf7c407c2cedff20999df2af8eb42d56 -> 
========================================================================
Received Prepare
Registering precompiled user dll's ...
Registered in 0.002846 seconds.
Begin MonoManager ReloadAssembly
Native extension for WindowsStandalone target not found
Refreshing native plugins compatible for Editor in 0.35 ms, found 2 plugins.
Preloading 0 native plugins for Editor in 0.00 ms.
Mono: successfully reloaded assembly
- Completed reload, in  0.734 seconds
Domain Reload Profiling:
	ReloadAssembly (734ms)
		BeginReloadAssembly (91ms)
			ExecutionOrderSort (0ms)
			DisableScriptedObjects (3ms)
			BackupInstance (0ms)
			ReleaseScriptingObjects (0ms)
			CreateAndSetChildDomain (24ms)
		EndReloadAssembly (600ms)
			LoadAssemblies (74ms)
			RebuildTransferFunctionScriptingTraits (0ms)
			SetupTypeCache (221ms)
			ReleaseScriptCaches (1ms)
			RebuildScriptCaches (29ms)
			SetupLoadedEditorAssemblies (212ms)
				LogAssemblyErrors (0ms)
				InitializePlatformSupportModulesInManaged (3ms)
				SetLoadedEditorAssemblies (1ms)
				RefreshPlugins (0ms)
				BeforeProcessingInitializeOnLoad (53ms)
				ProcessInitializeOnLoadAttributes (145ms)
				ProcessInitializeOnLoadMethodAttributes (7ms)
				AfterProcessingInitializeOnLoad (2ms)
				EditorAssembliesLoaded (0ms)
			ExecutionOrderSort2 (0ms)
			AwakeInstancesAfterBackupRestoration (5ms)
Platform modules already initialized, skipping
Refreshing native plugins compatible for Editor in 0.28 ms, found 2 plugins.
Preloading 0 native plugins for Editor in 0.00 ms.
Unloading 1500 Unused Serialized files (Serialized files now loaded: 0)
System memory in use before: 68.4 MB.
System memory in use after: 68.5 MB.

Unloading 14 unused Assets to reduce memory usage. Loaded Objects now: 1942.
Total: 1.920600 ms (FindLiveObjects: 0.098100 ms CreateObjectMapping: 0.038400 ms MarkObjects: 1.772500 ms  DeleteObjects: 0.011100 ms)

AssetImportParameters requested are different than current active one (requested -> active):
  custom:framework-win-MediaFoundation: 216162199b28c13a410421893ffa2e32 -> 
  custom:video-decoder-ogg-theora: a1e56fd34408186e4bbccfd4996cb3dc -> 
  custom:container-muxer-webm: aa71ff27fc2769a1b78a27578f13a17b -> 
  custom:container-demuxer-webm: 4f35f7cbe854078d1ac9338744f61a02 -> 
  custom:container-demuxer-ogg: 62fdf1f143b41e24485cea50d1cbac27 -> 
  custom:video-encoder-webm-vp8: eb34c28f22e8b96e1ab97ce403110664 -> 
  custom:video-decoder-webm-vp8: 9c59270c3fd7afecdb556c50c9e8de78 -> 
  custom:audio-decoder-ogg-vorbis: bf7c407c2cedff20999df2af8eb42d56 -> 
  custom:audio-encoder-webm-vorbis: bf7c407c2cedff20999df2af8eb42d56 -> 
========================================================================
Received Import Request.
  Time since last request: 2050.266177 seconds.
  path: Assets/AllSky_Skybox
  artifactKey: Guid(5d759d1c232d64f25befa4199447358d) Importer(815301076,1909f56bfc062723c751e8b465ee728b)
Start importing Assets/AllSky_Skybox using Guid(5d759d1c232d64f25befa4199447358d) Importer(815301076,1909f56bfc062723c751e8b465ee728b)  -> (artifact id: '727798f021348a0db1a9f453edfc319a') in 0.010216 seconds 
  Import took 0.012215 seconds .

========================================================================
Received Import Request.
  Time since last request: 23.223637 seconds.
  path: Assets/Scenes/PrimitivesGallery.unity
  artifactKey: Guid(2043dfe366f3d4d41b75e890b658be85) Importer(815301076,1909f56bfc062723c751e8b465ee728b)
Start importing Assets/Scenes/PrimitivesGallery.unity using Guid(2043dfe366f3d4d41b75e890b658be85) Importer(815301076,1909f56bfc062723c751e8b465ee728b)  -> (artifact id: '0fa835099ed5614881b8a625306af019') in 0.010518 seconds 
  Import took 0.012401 seconds .

========================================================================
Received Prepare
Registering precompiled user dll's ...
Registered in 0.002703 seconds.
Begin MonoManager ReloadAssembly
Native extension for WindowsStandalone target not found
Refreshing native plugins compatible for Editor in 0.92 ms, found 2 plugins.
Preloading 0 native plugins for Editor in 0.00 ms.
Mono: successfully reloaded assembly
- Completed reload, in  0.801 seconds
Domain Reload Profiling:
	ReloadAssembly (801ms)
		BeginReloadAssembly (108ms)
			ExecutionOrderSort (0ms)
			DisableScriptedObjects (4ms)
			BackupInstance (0ms)
			ReleaseScriptingObjects (0ms)
			CreateAndSetChildDomain (25ms)
		EndReloadAssembly (648ms)
			LoadAssemblies (79ms)
			RebuildTransferFunctionScriptingTraits (0ms)
			SetupTypeCache (238ms)
			ReleaseScriptCaches (1ms)
			RebuildScriptCaches (36ms)
			SetupLoadedEditorAssemblies (226ms)
				LogAssemblyErrors (0ms)
				InitializePlatformSupportModulesInManaged (4ms)
				SetLoadedEditorAssemblies (0ms)
				RefreshPlugins (1ms)
				BeforeProcessingInitializeOnLoad (57ms)
				ProcessInitializeOnLoadAttributes (153ms)
				ProcessInitializeOnLoadMethodAttributes (8ms)
				AfterProcessingInitializeOnLoad (2ms)
				EditorAssembliesLoaded (0ms)
			ExecutionOrderSort2 (0ms)
			AwakeInstancesAfterBackupRestoration (5ms)
Platform modules already initialized, skipping
Refreshing native plugins compatible for Editor in 0.50 ms, found 2 plugins.
Preloading 0 native plugins for Editor in 0.00 ms.
Unloading 1500 Unused Serialized files (Serialized files now loaded: 0)
System memory in use before: 68.4 MB.
System memory in use after: 68.5 MB.

Unloading 14 unused Assets to reduce memory usage. Loaded Objects now: 1944.
Total: 3.105300 ms (FindLiveObjects: 0.100200 ms CreateObjectMapping: 0.039200 ms MarkObjects: 2.948700 ms  DeleteObjects: 0.016100 ms)

AssetImportParameters requested are different than current active one (requested -> active):
  custom:framework-win-MediaFoundation: 216162199b28c13a410421893ffa2e32 -> 
  custom:video-decoder-ogg-theora: a1e56fd34408186e4bbccfd4996cb3dc -> 
  custom:container-muxer-webm: aa71ff27fc2769a1b78a27578f13a17b -> 
  custom:container-demuxer-webm: 4f35f7cbe854078d1ac9338744f61a02 -> 
  custom:container-demuxer-ogg: 62fdf1f143b41e24485cea50d1cbac27 -> 
  custom:video-encoder-webm-vp8: eb34c28f22e8b96e1ab97ce403110664 -> 
  custom:video-decoder-webm-vp8: 9c59270c3fd7afecdb556c50c9e8de78 -> 
  custom:audio-decoder-ogg-vorbis: bf7c407c2cedff20999df2af8eb42d56 -> 
  custom:audio-encoder-webm-vorbis: bf7c407c2cedff20999df2af8eb42d56 -> 
========================================================================
Received Prepare
Registering precompiled user dll's ...
Registered in 0.003132 seconds.
Begin MonoManager ReloadAssembly
Native extension for WindowsStandalone target not found
Refreshing native plugins compatible for Editor in 0.49 ms, found 2 plugins.
Preloading 0 native plugins for Editor in 0.00 ms.
Mono: successfully reloaded assembly
- Completed reload, in  0.794 seconds
Domain Reload Profiling:
	ReloadAssembly (794ms)
		BeginReloadAssembly (101ms)
			ExecutionOrderSort (0ms)
			DisableScriptedObjects (4ms)
			BackupInstance (0ms)
			ReleaseScriptingObjects (0ms)
			CreateAndSetChildDomain (27ms)
		EndReloadAssembly (646ms)
			LoadAssemblies (81ms)
			RebuildTransferFunctionScriptingTraits (0ms)
			SetupTypeCache (240ms)
			ReleaseScriptCaches (1ms)
			RebuildScriptCaches (32ms)
			SetupLoadedEditorAssemblies (228ms)
				LogAssemblyErrors (0ms)
				InitializePlatformSupportModulesInManaged (4ms)
				SetLoadedEditorAssemblies (0ms)
				RefreshPlugins (1ms)
				BeforeProcessingInitializeOnLoad (56ms)
				ProcessInitializeOnLoadAttributes (157ms)
				ProcessInitializeOnLoadMethodAttributes (8ms)
				AfterProcessingInitializeOnLoad (2ms)
				EditorAssembliesLoaded (0ms)
			ExecutionOrderSort2 (0ms)
			AwakeInstancesAfterBackupRestoration (5ms)
Platform modules already initialized, skipping
Refreshing native plugins compatible for Editor in 0.37 ms, found 2 plugins.
Preloading 0 native plugins for Editor in 0.00 ms.
Unloading 1500 Unused Serialized files (Serialized files now loaded: 0)
System memory in use before: 68.5 MB.
System memory in use after: 68.6 MB.

Unloading 14 unused Assets to reduce memory usage. Loaded Objects now: 1946.
Total: 1.951400 ms (FindLiveObjects: 0.161600 ms CreateObjectMapping: 0.040700 ms MarkObjects: 1.736900 ms  DeleteObjects: 0.011100 ms)

AssetImportParameters requested are different than current active one (requested -> active):
  custom:framework-win-MediaFoundation: 216162199b28c13a410421893ffa2e32 -> 
  custom:video-decoder-ogg-theora: a1e56fd34408186e4bbccfd4996cb3dc -> 
  custom:container-muxer-webm: aa71ff27fc2769a1b78a27578f13a17b -> 
  custom:container-demuxer-webm: 4f35f7cbe854078d1ac9338744f61a02 -> 
  custom:container-demuxer-ogg: 62fdf1f143b41e24485cea50d1cbac27 -> 
  custom:video-encoder-webm-vp8: eb34c28f22e8b96e1ab97ce403110664 -> 
  custom:video-decoder-webm-vp8: 9c59270c3fd7afecdb556c50c9e8de78 -> 
  custom:audio-decoder-ogg-vorbis: bf7c407c2cedff20999df2af8eb42d56 -> 
  custom:audio-encoder-webm-vorbis: bf7c407c2cedff20999df2af8eb42d56 -> 
========================================================================
Received Prepare
Registering precompiled user dll's ...
Registered in 0.003579 seconds.
Begin MonoManager ReloadAssembly
Native extension for WindowsStandalone target not found
Refreshing native plugins compatible for Editor in 0.29 ms, found 2 plugins.
Preloading 0 native plugins for Editor in 0.00 ms.
Mono: successfully reloaded assembly
- Completed reload, in  0.737 seconds
Domain Reload Profiling:
	ReloadAssembly (737ms)
		BeginReloadAssembly (91ms)
			ExecutionOrderSort (0ms)
			DisableScriptedObjects (4ms)
			BackupInstance (0ms)
			ReleaseScriptingObjects (0ms)
			CreateAndSetChildDomain (24ms)
		EndReloadAssembly (604ms)
			LoadAssemblies (76ms)
			RebuildTransferFunctionScriptingTraits (0ms)
			SetupTypeCache (220ms)
			ReleaseScriptCaches (1ms)
			RebuildScriptCaches (29ms)
			SetupLoadedEditorAssemblies (214ms)
				LogAssemblyErrors (0ms)
				InitializePlatformSupportModulesInManaged (4ms)
				SetLoadedEditorAssemblies (0ms)
				RefreshPlugins (0ms)
				BeforeProcessingInitializeOnLoad (53ms)
				ProcessInitializeOnLoadAttributes (148ms)
				ProcessInitializeOnLoadMethodAttributes (7ms)
				AfterProcessingInitializeOnLoad (2ms)
				EditorAssembliesLoaded (0ms)
			ExecutionOrderSort2 (0ms)
			AwakeInstancesAfterBackupRestoration (6ms)
Platform modules already initialized, skipping
Refreshing native plugins compatible for Editor in 0.30 ms, found 2 plugins.
Preloading 0 native plugins for Editor in 0.00 ms.
Unloading 1500 Unused Serialized files (Serialized files now loaded: 0)
System memory in use before: 68.5 MB.
System memory in use after: 68.6 MB.

Unloading 14 unused Assets to reduce memory usage. Loaded Objects now: 1948.
Total: 1.886000 ms (FindLiveObjects: 0.108300 ms CreateObjectMapping: 0.043500 ms MarkObjects: 1.723400 ms  DeleteObjects: 0.010200 ms)

AssetImportParameters requested are different than current active one (requested -> active):
  custom:framework-win-MediaFoundation: 216162199b28c13a410421893ffa2e32 -> 
  custom:video-decoder-ogg-theora: a1e56fd34408186e4bbccfd4996cb3dc -> 
  custom:container-muxer-webm: aa71ff27fc2769a1b78a27578f13a17b -> 
  custom:container-demuxer-webm: 4f35f7cbe854078d1ac9338744f61a02 -> 
  custom:container-demuxer-ogg: 62fdf1f143b41e24485cea50d1cbac27 -> 
  custom:video-encoder-webm-vp8: eb34c28f22e8b96e1ab97ce403110664 -> 
  custom:video-decoder-webm-vp8: 9c59270c3fd7afecdb556c50c9e8de78 -> 
  custom:audio-decoder-ogg-vorbis: bf7c407c2cedff20999df2af8eb42d56 -> 
  custom:audio-encoder-webm-vorbis: bf7c407c2cedff20999df2af8eb42d56 -> 
========================================================================
Received Import Request.
  Time since last request: 1241.761624 seconds.
  path: ProjectSettings/TagManager.asset
  artifactKey: Guid(00000000000000003000000000000000) Importer(815301076,1909f56bfc062723c751e8b465ee728b)
Start importing ProjectSettings/TagManager.asset using Guid(00000000000000003000000000000000) Importer(815301076,1909f56bfc062723c751e8b465ee728b)  -> (artifact id: 'ce6a35c3cddc746e7501c0bd0ed6d4ce') in 0.019071 seconds 
  Import took 0.021778 seconds .

========================================================================
Received Prepare
Registering precompiled user dll's ...
Registered in 0.002746 seconds.
Begin MonoManager ReloadAssembly
Native extension for WindowsStandalone target not found
Refreshing native plugins compatible for Editor in 0.28 ms, found 2 plugins.
Preloading 0 native plugins for Editor in 0.00 ms.
Mono: successfully reloaded assembly
- Completed reload, in  0.729 seconds
Domain Reload Profiling:
	ReloadAssembly (729ms)
		BeginReloadAssembly (92ms)
			ExecutionOrderSort (0ms)
			DisableScriptedObjects (4ms)
			BackupInstance (0ms)
			ReleaseScriptingObjects (0ms)
			CreateAndSetChildDomain (24ms)
		EndReloadAssembly (594ms)
			LoadAssemblies (74ms)
			RebuildTransferFunctionScriptingTraits (0ms)
			SetupTypeCache (213ms)
			ReleaseScriptCaches (1ms)
			RebuildScriptCaches (28ms)
			SetupLoadedEditorAssemblies (217ms)
				LogAssemblyErrors (0ms)
				InitializePlatformSupportModulesInManaged (3ms)
				SetLoadedEditorAssemblies (0ms)
				RefreshPlugins (0ms)
				BeforeProcessingInitializeOnLoad (54ms)
				ProcessInitializeOnLoadAttributes (150ms)
				ProcessInitializeOnLoadMethodAttributes (7ms)
				AfterProcessingInitializeOnLoad (2ms)
				EditorAssembliesLoaded (0ms)
			ExecutionOrderSort2 (0ms)
			AwakeInstancesAfterBackupRestoration (5ms)
Platform modules already initialized, skipping
Refreshing native plugins compatible for Editor in 0.30 ms, found 2 plugins.
Preloading 0 native plugins for Editor in 0.00 ms.
Unloading 1500 Unused Serialized files (Serialized files now loaded: 0)
System memory in use before: 68.5 MB.
System memory in use after: 68.6 MB.

Unloading 15 unused Assets to reduce memory usage. Loaded Objects now: 1950.
Total: 1.940900 ms (FindLiveObjects: 0.108200 ms CreateObjectMapping: 0.040600 ms MarkObjects: 1.779600 ms  DeleteObjects: 0.011800 ms)

AssetImportParameters requested are different than current active one (requested -> active):
  custom:framework-win-MediaFoundation: 216162199b28c13a410421893ffa2e32 -> 
  custom:video-decoder-ogg-theora: a1e56fd34408186e4bbccfd4996cb3dc -> 
  custom:container-muxer-webm: aa71ff27fc2769a1b78a27578f13a17b -> 
  custom:container-demuxer-webm: 4f35f7cbe854078d1ac9338744f61a02 -> 
  custom:container-demuxer-ogg: 62fdf1f143b41e24485cea50d1cbac27 -> 
  custom:video-encoder-webm-vp8: eb34c28f22e8b96e1ab97ce403110664 -> 
  custom:video-decoder-webm-vp8: 9c59270c3fd7afecdb556c50c9e8de78 -> 
  custom:audio-decoder-ogg-vorbis: bf7c407c2cedff20999df2af8eb42d56 -> 
  custom:audio-encoder-webm-vorbis: bf7c407c2cedff20999df2af8eb42d56 -> 
========================================================================
Received Prepare
Registering precompiled user dll's ...
Registered in 0.002932 seconds.
Begin MonoManager ReloadAssembly
Native extension for WindowsStandalone target not found
Refreshing native plugins compatible for Editor in 0.34 ms, found 2 plugins.
Preloading 0 native plugins for Editor in 0.00 ms.
Mono: successfully reloaded assembly
- Completed reload, in  0.771 seconds
Domain Reload Profiling:
	ReloadAssembly (771ms)
		BeginReloadAssembly (97ms)
			ExecutionOrderSort (0ms)
			DisableScriptedObjects (4ms)
			BackupInstance (0ms)
			ReleaseScriptingObjects (0ms)
			CreateAndSetChildDomain (25ms)
		EndReloadAssembly (630ms)
			LoadAssemblies (78ms)
			RebuildTransferFunctionScriptingTraits (0ms)
			SetupTypeCache (230ms)
			ReleaseScriptCaches (1ms)
			RebuildScriptCaches (31ms)
			SetupLoadedEditorAssemblies (224ms)
				LogAssemblyErrors (0ms)
				InitializePlatformSupportModulesInManaged (3ms)
				SetLoadedEditorAssemblies (0ms)
				RefreshPlugins (0ms)
				BeforeProcessingInitializeOnLoad (56ms)
				ProcessInitializeOnLoadAttributes (154ms)
				ProcessInitializeOnLoadMethodAttributes (8ms)
				AfterProcessingInitializeOnLoad (2ms)
				EditorAssembliesLoaded (0ms)
			ExecutionOrderSort2 (0ms)
			AwakeInstancesAfterBackupRestoration (5ms)
Platform modules already initialized, skipping
Refreshing native plugins compatible for Editor in 0.37 ms, found 2 plugins.
Preloading 0 native plugins for Editor in 0.00 ms.
Unloading 1500 Unused Serialized files (Serialized files now loaded: 0)
System memory in use before: 68.5 MB.
System memory in use after: 68.6 MB.

Unloading 14 unused Assets to reduce memory usage. Loaded Objects now: 1952.
Total: 2.220000 ms (FindLiveObjects: 0.136800 ms CreateObjectMapping: 0.047000 ms MarkObjects: 2.021700 ms  DeleteObjects: 0.013200 ms)

AssetImportParameters requested are different than current active one (requested -> active):
  custom:framework-win-MediaFoundation: 216162199b28c13a410421893ffa2e32 -> 
  custom:video-decoder-ogg-theora: a1e56fd34408186e4bbccfd4996cb3dc -> 
  custom:container-muxer-webm: aa71ff27fc2769a1b78a27578f13a17b -> 
  custom:container-demuxer-webm: 4f35f7cbe854078d1ac9338744f61a02 -> 
  custom:container-demuxer-ogg: 62fdf1f143b41e24485cea50d1cbac27 -> 
  custom:video-encoder-webm-vp8: eb34c28f22e8b96e1ab97ce403110664 -> 
  custom:video-decoder-webm-vp8: 9c59270c3fd7afecdb556c50c9e8de78 -> 
  custom:audio-decoder-ogg-vorbis: bf7c407c2cedff20999df2af8eb42d56 -> 
  custom:audio-encoder-webm-vorbis: bf7c407c2cedff20999df2af8eb42d56 -> 
========================================================================
Received Prepare
Registering precompiled user dll's ...
Registered in 0.002701 seconds.
Begin MonoManager ReloadAssembly
Native extension for WindowsStandalone target not found
Refreshing native plugins compatible for Editor in 0.33 ms, found 2 plugins.
Preloading 0 native plugins for Editor in 0.00 ms.
Mono: successfully reloaded assembly
- Completed reload, in  0.762 seconds
Domain Reload Profiling:
	ReloadAssembly (763ms)
		BeginReloadAssembly (105ms)
			ExecutionOrderSort (0ms)
			DisableScriptedObjects (4ms)
			BackupInstance (0ms)
			ReleaseScriptingObjects (0ms)
			CreateAndSetChildDomain (24ms)
		EndReloadAssembly (613ms)
			LoadAssemblies (90ms)
			RebuildTransferFunctionScriptingTraits (0ms)
			SetupTypeCache (220ms)
			ReleaseScriptCaches (1ms)
			RebuildScriptCaches (29ms)
			SetupLoadedEditorAssemblies (223ms)
				LogAssemblyErrors (0ms)
				InitializePlatformSupportModulesInManaged (3ms)
				SetLoadedEditorAssemblies (0ms)
				RefreshPlugins (0ms)
				BeforeProcessingInitializeOnLoad (55ms)
				ProcessInitializeOnLoadAttributes (155ms)
				ProcessInitializeOnLoadMethodAttributes (7ms)
				AfterProcessingInitializeOnLoad (2ms)
				EditorAssembliesLoaded (0ms)
			ExecutionOrderSort2 (0ms)
			AwakeInstancesAfterBackupRestoration (5ms)
Platform modules already initialized, skipping
Refreshing native plugins compatible for Editor in 0.29 ms, found 2 plugins.
Preloading 0 native plugins for Editor in 0.00 ms.
Unloading 1500 Unused Serialized files (Serialized files now loaded: 0)
System memory in use before: 68.5 MB.
System memory in use after: 68.6 MB.

Unloading 14 unused Assets to reduce memory usage. Loaded Objects now: 1954.
Total: 2.374100 ms (FindLiveObjects: 0.103600 ms CreateObjectMapping: 0.038800 ms MarkObjects: 2.217700 ms  DeleteObjects: 0.013100 ms)

AssetImportParameters requested are different than current active one (requested -> active):
  custom:framework-win-MediaFoundation: 216162199b28c13a410421893ffa2e32 -> 
  custom:video-decoder-ogg-theora: a1e56fd34408186e4bbccfd4996cb3dc -> 
  custom:container-muxer-webm: aa71ff27fc2769a1b78a27578f13a17b -> 
  custom:container-demuxer-webm: 4f35f7cbe854078d1ac9338744f61a02 -> 
  custom:container-demuxer-ogg: 62fdf1f143b41e24485cea50d1cbac27 -> 
  custom:video-encoder-webm-vp8: eb34c28f22e8b96e1ab97ce403110664 -> 
  custom:video-decoder-webm-vp8: 9c59270c3fd7afecdb556c50c9e8de78 -> 
  custom:audio-decoder-ogg-vorbis: bf7c407c2cedff20999df2af8eb42d56 -> 
  custom:audio-encoder-webm-vorbis: bf7c407c2cedff20999df2af8eb42d56 -> 
========================================================================
Received Import Request.
  Time since last request: 9296.706064 seconds.
  path: Assets
  artifactKey: Guid(00000000000000001000000000000000) Importer(815301076,1909f56bfc062723c751e8b465ee728b)
Start importing Assets using Guid(00000000000000001000000000000000) Importer(815301076,1909f56bfc062723c751e8b465ee728b)  -> (artifact id: '42d402b061de3733987d63b9cc3b64de') in 0.015686 seconds 
  Import took 0.019098 seconds .

========================================================================
Received Import Request.
  Time since last request: 17.613546 seconds.
  path: Assets/Another scene.unity
  artifactKey: Guid(617cc7aa4cdef88459696f791493ffcf) Importer(815301076,1909f56bfc062723c751e8b465ee728b)
Start importing Assets/Another scene.unity using Guid(617cc7aa4cdef88459696f791493ffcf) Importer(815301076,1909f56bfc062723c751e8b465ee728b)  -> (artifact id: '804d8e183414b7a7bb87356a6b113260') in 0.011999 seconds 
  Import took 0.013992 seconds .

========================================================================
Received Import Request.
  Time since last request: 60.894212 seconds.
  path: Assets/_Scenes
  artifactKey: Guid(72ccf3449982dcb45852715b526566b6) Importer(815301076,1909f56bfc062723c751e8b465ee728b)
Start importing Assets/_Scenes using Guid(72ccf3449982dcb45852715b526566b6) Importer(815301076,1909f56bfc062723c751e8b465ee728b)  -> (artifact id: '46f35f247c909604513c23247cd00903') in 0.005396 seconds 
  Import took 0.007975 seconds .

========================================================================
Received Import Request.
  Time since last request: 1242.086978 seconds.
  path: Assets/BrokenVector_Rocks/LowPolyRockPack/Prefabs/Rock Type1 03.prefab
  artifactKey: Guid(85f4229977c9ee247bc4425710c5b0c4) Importer(815301076,1909f56bfc062723c751e8b465ee728b)
Start importing Assets/BrokenVector_Rocks/LowPolyRockPack/Prefabs/Rock Type1 03.prefab using Guid(85f4229977c9ee247bc4425710c5b0c4) Importer(815301076,1909f56bfc062723c751e8b465ee728b)  -> (artifact id: 'fc3d74102c6aa88e4965fb07250e179a') in 0.080901 seconds 
  Import took 0.083526 seconds .

========================================================================
Received Import Request.
  Time since last request: 0.004198 seconds.
  path: Assets/BrokenVector_Rocks/LowPolyRockPack/Textures/Colorsheet Rock Sand.png
  artifactKey: Guid(dd4ddf430e155f54cb27867f5a466c16) Importer(815301076,1909f56bfc062723c751e8b465ee728b)
Start importing Assets/BrokenVector_Rocks/LowPolyRockPack/Textures/Colorsheet Rock Sand.png using Guid(dd4ddf430e155f54cb27867f5a466c16) Importer(815301076,1909f56bfc062723c751e8b465ee728b)  -> (artifact id: '60ca20446fc47caf04fb2b89c85a3685') in 0.036047 seconds 
  Import took 0.038078 seconds .

========================================================================
Received Import Request.
  Time since last request: 0.003940 seconds.
  path: Assets/BrokenVector_Rocks/LowPolyRockPack/Models/Rock Type3 03.dae
  artifactKey: Guid(08d02c187472d684096f88c67beb6890) Importer(815301076,1909f56bfc062723c751e8b465ee728b)
Start importing Assets/BrokenVector_Rocks/LowPolyRockPack/Models/Rock Type3 03.dae using Guid(08d02c187472d684096f88c67beb6890) Importer(815301076,1909f56bfc062723c751e8b465ee728b)  -> (artifact id: 'a5ef53a905a3f1e28c86300c0020d59e') in 0.029554 seconds 
  Import took 0.031560 seconds .

========================================================================
Received Import Request.
  Time since last request: 0.004367 seconds.
  path: Assets/Normal Maps/Concrete_Normal.jpg
  artifactKey: Guid(642407b6f627649288ab619168aee652) Importer(815301076,1909f56bfc062723c751e8b465ee728b)
Start importing Assets/Normal Maps/Concrete_Normal.jpg using Guid(642407b6f627649288ab619168aee652) Importer(815301076,1909f56bfc062723c751e8b465ee728b)  -> (artifact id: '2ce8ed733db32d19c3ff658f27e0a734') in 0.014256 seconds 
  Import took 0.016233 seconds .

========================================================================
Received Import Request.
  Time since last request: 0.004022 seconds.
  path: Assets/BrokenVector_Rocks/LowPolyRockPack/Prefabs/Rock Type1 01.prefab
  artifactKey: Guid(75283e9ef15245c4aab126ec6525dd2a) Importer(815301076,1909f56bfc062723c751e8b465ee728b)
Start importing Assets/BrokenVector_Rocks/LowPolyRockPack/Prefabs/Rock Type1 01.prefab using Guid(75283e9ef15245c4aab126ec6525dd2a) Importer(815301076,1909f56bfc062723c751e8b465ee728b)  -> (artifact id: 'c4f228c04a925acf222d45da8618aea2') in 0.009983 seconds 
  Import took 0.012149 seconds .

========================================================================
Received Import Request.
  Time since last request: 0.004472 seconds.
  path: Assets/BrokenVector_Rocks/LowPolyRockPack/Models/Rock Type1 01.dae
  artifactKey: Guid(beb8ceccb376f684095ae1a93f088717) Importer(815301076,1909f56bfc062723c751e8b465ee728b)
Start importing Assets/BrokenVector_Rocks/LowPolyRockPack/Models/Rock Type1 01.dae using Guid(beb8ceccb376f684095ae1a93f088717) Importer(815301076,1909f56bfc062723c751e8b465ee728b)  -> (artifact id: 'a340a14f5c37dead8ff4a1e7ce02c59d') in 0.011382 seconds 
  Import took 0.013461 seconds .

========================================================================
Received Import Request.
  Time since last request: 0.004052 seconds.
  path: Assets/BrokenVector_Rocks/LowPolyRockPack/Materials/Grey.mat
  artifactKey: Guid(18ec5123ab1b37446998bf1b1228a0c0) Importer(815301076,1909f56bfc062723c751e8b465ee728b)
Start importing Assets/BrokenVector_Rocks/LowPolyRockPack/Materials/Grey.mat using Guid(18ec5123ab1b37446998bf1b1228a0c0) Importer(815301076,1909f56bfc062723c751e8b465ee728b)  -> (artifact id: '90ccfb42eb3afa6f1ece196cd63732fd') in 0.019682 seconds 
  Import took 0.021687 seconds .

========================================================================
Received Import Request.
  Time since last request: 0.003969 seconds.
  path: Assets/BrokenVector_Rocks/LowPolyRockPack/Models/Rock Type6 03.dae
  artifactKey: Guid(a2cba2c95720877468327b3f6924f8c6) Importer(815301076,1909f56bfc062723c751e8b465ee728b)
Start importing Assets/BrokenVector_Rocks/LowPolyRockPack/Models/Rock Type6 03.dae using Guid(a2cba2c95720877468327b3f6924f8c6) Importer(815301076,1909f56bfc062723c751e8b465ee728b)  -> (artifact id: '819266cbc4f35d608634c5e813681f6a') in 0.012025 seconds 
  Import took 0.013968 seconds .

========================================================================
Received Import Request.
  Time since last request: 0.004205 seconds.
  path: Assets/BrokenVector_Rocks/LowPolyRockPack/Prefabs/Rock Type2 01.prefab
  artifactKey: Guid(2d521608fcf07c346b5e2ed4049aa717) Importer(815301076,1909f56bfc062723c751e8b465ee728b)
Start importing Assets/BrokenVector_Rocks/LowPolyRockPack/Prefabs/Rock Type2 01.prefab using Guid(2d521608fcf07c346b5e2ed4049aa717) Importer(815301076,1909f56bfc062723c751e8b465ee728b)  -> (artifact id: '59d365ab2f5fdd098369f129382487cf') in 0.008717 seconds 
  Import took 0.010717 seconds .

========================================================================
Received Import Request.
  Time since last request: 0.003970 seconds.
  path: Assets/BrokenVector_Rocks/LowPolyRockPack/Prefabs/Rock Type4 01.prefab
  artifactKey: Guid(e9661e4c2bfea8344a07064944abe034) Importer(815301076,1909f56bfc062723c751e8b465ee728b)
Start importing Assets/BrokenVector_Rocks/LowPolyRockPack/Prefabs/Rock Type4 01.prefab using Guid(e9661e4c2bfea8344a07064944abe034) Importer(815301076,1909f56bfc062723c751e8b465ee728b)  -> (artifact id: 'abc441bcd153cee6665ce6709c557c62') in 0.008829 seconds 
  Import took 0.010872 seconds .

========================================================================
Received Import Request.
  Time since last request: 0.003938 seconds.
  path: Assets/BrokenVector_Rocks/LowPolyRockPack/Materials/Orange.mat
  artifactKey: Guid(aeea0b0ce40f57741addd46857bdbc00) Importer(815301076,1909f56bfc062723c751e8b465ee728b)
Start importing Assets/BrokenVector_Rocks/LowPolyRockPack/Materials/Orange.mat using Guid(aeea0b0ce40f57741addd46857bdbc00) Importer(815301076,1909f56bfc062723c751e8b465ee728b)  -> (artifact id: 'cf061faa421d169dd58c1459c8938878') in 0.008878 seconds 
  Import took 0.010883 seconds .

========================================================================
Received Import Request.
  Time since last request: 0.004042 seconds.
  path: Assets/BrokenVector_Rocks/LowPolyRockPack/Models/Rock Type5 03.dae
  artifactKey: Guid(8b9e37193d32fc840b941d5ea3cf8aed) Importer(815301076,1909f56bfc062723c751e8b465ee728b)
Start importing Assets/BrokenVector_Rocks/LowPolyRockPack/Models/Rock Type5 03.dae using Guid(8b9e37193d32fc840b941d5ea3cf8aed) Importer(815301076,1909f56bfc062723c751e8b465ee728b)  -> (artifact id: 'e6d0f8801bb95547bb2fe759263a90d2') in 0.011717 seconds 
  Import took 0.013886 seconds .

========================================================================
Received Import Request.
  Time since last request: 0.003907 seconds.
  path: Assets/BrokenVector_Rocks/LowPolyRockPack/Prefabs/Rock Type2 03.prefab
  artifactKey: Guid(36cf43d46aeb7494b82aa54d61da3bd7) Importer(815301076,1909f56bfc062723c751e8b465ee728b)
Start importing Assets/BrokenVector_Rocks/LowPolyRockPack/Prefabs/Rock Type2 03.prefab using Guid(36cf43d46aeb7494b82aa54d61da3bd7) Importer(815301076,1909f56bfc062723c751e8b465ee728b)  -> (artifact id: '9f5324ff74963e76f2671fe8a43e52c4') in 0.011168 seconds 
  Import took 0.013384 seconds .

========================================================================
Received Import Request.
  Time since last request: 0.004040 seconds.
  path: Assets/AllSky_Skybox/Overcast Low/Sky_AllSky_Overcast4_Low_Cam_2_Left+X.png
  artifactKey: Guid(4b922104744dc4f5ab309b556a7677da) Importer(815301076,1909f56bfc062723c751e8b465ee728b)
Start importing Assets/AllSky_Skybox/Overcast Low/Sky_AllSky_Overcast4_Low_Cam_2_Left+X.png using Guid(4b922104744dc4f5ab309b556a7677da) Importer(815301076,1909f56bfc062723c751e8b465ee728b)  -> (artifact id: '3c3b75f7b6890737b693b1b63eb6e0cc') in 0.010662 seconds 
  Import took 0.012682 seconds .

========================================================================
Received Import Request.
  Time since last request: 0.003854 seconds.
  path: Assets/BrokenVector_Rocks/LowPolyRockPack/Models/Rock Type6 01.dae
  artifactKey: Guid(5f0c6f2eeb60c374aad117bde2bd80a1) Importer(815301076,1909f56bfc062723c751e8b465ee728b)
Start importing Assets/BrokenVector_Rocks/LowPolyRockPack/Models/Rock Type6 01.dae using Guid(5f0c6f2eeb60c374aad117bde2bd80a1) Importer(815301076,1909f56bfc062723c751e8b465ee728b)  -> (artifact id: '5ce9d46ab095664faab1f2be87481cab') in 0.011906 seconds 
  Import took 0.013889 seconds .

========================================================================
Received Import Request.
  Time since last request: 0.002542 seconds.
  path: Assets/Textures
  artifactKey: Guid(89bd2fcedf3914eed9fdc843491d7946) Importer(815301076,1909f56bfc062723c751e8b465ee728b)
Start importing Assets/Textures using Guid(89bd2fcedf3914eed9fdc843491d7946) Importer(815301076,1909f56bfc062723c751e8b465ee728b)  -> (artifact id: '1c4b1f6893e9608c8e9512869ffc5798') in 0.003661 seconds 
  Import took 0.005593 seconds .

========================================================================
Received Import Request.
  Time since last request: 0.003665 seconds.
  path: Assets/Textures/Marble.jpeg
  artifactKey: Guid(e70870be29de34c9bbd5f72d13a4838e) Importer(815301076,1909f56bfc062723c751e8b465ee728b)
Start importing Assets/Textures/Marble.jpeg using Guid(e70870be29de34c9bbd5f72d13a4838e) Importer(815301076,1909f56bfc062723c751e8b465ee728b)  -> (artifact id: '3c92e831cbee72eb8fabe094b45e06e5') in 0.009052 seconds 
  Import took 0.011064 seconds .

========================================================================
Received Import Request.
  Time since last request: 0.002522 seconds.
  path: Assets/Normal Maps
  artifactKey: Guid(82f3ecc729715467fb5061f963d78352) Importer(815301076,1909f56bfc062723c751e8b465ee728b)
Start importing Assets/Normal Maps using Guid(82f3ecc729715467fb5061f963d78352) Importer(815301076,1909f56bfc062723c751e8b465ee728b)  -> (artifact id: 'dbddfe99c9ceae65fa7667b5725e94ce') in 0.004149 seconds 
  Import took 0.006516 seconds .

========================================================================
Received Import Request.
  Time since last request: 0.003699 seconds.
  path: Assets/Normal Maps/Marble_Normal.jpg
  artifactKey: Guid(556c495d8bbbc4a79bcb5befab43a910) Importer(815301076,1909f56bfc062723c751e8b465ee728b)
Start importing Assets/Normal Maps/Marble_Normal.jpg using Guid(556c495d8bbbc4a79bcb5befab43a910) Importer(815301076,1909f56bfc062723c751e8b465ee728b)  -> (artifact id: '8f578546e011c4ce2dca7326089feb31') in 0.008701 seconds 
  Import took 0.010729 seconds .

========================================================================
Received Import Request.
  Time since last request: 0.004131 seconds.
  path: Assets/AllSky_Skybox/Overcast Low/Sky_AllSky_Overcast4_Low_Cam_3_Right-X.png
  artifactKey: Guid(0ccd1239645f54012a6ea72739d04982) Importer(815301076,1909f56bfc062723c751e8b465ee728b)
Start importing Assets/AllSky_Skybox/Overcast Low/Sky_AllSky_Overcast4_Low_Cam_3_Right-X.png using Guid(0ccd1239645f54012a6ea72739d04982) Importer(815301076,1909f56bfc062723c751e8b465ee728b)  -> (artifact id: '128869a9185621391b6c61426d067101') in 0.010055 seconds 
  Import took 0.012138 seconds .

========================================================================
Received Import Request.
  Time since last request: 0.003869 seconds.
  path: Assets/BrokenVector_Rocks/LowPolyRockPack/Models/Rock Type2 03.dae
  artifactKey: Guid(a797bea746bba59439067b50859ce461) Importer(815301076,1909f56bfc062723c751e8b465ee728b)
Start importing Assets/BrokenVector_Rocks/LowPolyRockPack/Models/Rock Type2 03.dae using Guid(a797bea746bba59439067b50859ce461) Importer(815301076,1909f56bfc062723c751e8b465ee728b)  -> (artifact id: '40ce835e6d869ced7609a2d88e321b93') in 0.011403 seconds 
  Import took 0.013396 seconds .

========================================================================
Received Import Request.
  Time since last request: 0.004066 seconds.
  path: Assets/AllSky_Skybox/Overcast Low/Sky_AllSky_Overcast4_Low_Cam_4_Up+Y.png
  artifactKey: Guid(93ce6277acd7243f685c04cc3c1d0cc4) Importer(815301076,1909f56bfc062723c751e8b465ee728b)
Start importing Assets/AllSky_Skybox/Overcast Low/Sky_AllSky_Overcast4_Low_Cam_4_Up+Y.png using Guid(93ce6277acd7243f685c04cc3c1d0cc4) Importer(815301076,1909f56bfc062723c751e8b465ee728b)  -> (artifact id: 'daa68abc2c1b53bd3c0efa25b0b40b90') in 0.009182 seconds 
  Import took 0.011149 seconds .

========================================================================
Received Import Request.
  Time since last request: 0.002570 seconds.
  path: Assets/BrokenVector_Rocks/LowPolyRockPack/Textures
  artifactKey: Guid(7dd2a1377c5af5349a73d368442f42e9) Importer(815301076,1909f56bfc062723c751e8b465ee728b)
Start importing Assets/BrokenVector_Rocks/LowPolyRockPack/Textures using Guid(7dd2a1377c5af5349a73d368442f42e9) Importer(815301076,1909f56bfc062723c751e8b465ee728b)  -> (artifact id: '0387cc19c3f28f87a2f117e1cabfba40') in 0.001125 seconds 
  Import took 0.003061 seconds .

========================================================================
Received Import Request.
  Time since last request: 0.003642 seconds.
  path: Assets/AllSky_Skybox/AllSkyFree_Menu.cs
  artifactKey: Guid(c5dd129e81d3e470caf84a5afbf8793e) Importer(815301076,1909f56bfc062723c751e8b465ee728b)
Start importing Assets/AllSky_Skybox/AllSkyFree_Menu.cs using Guid(c5dd129e81d3e470caf84a5afbf8793e) Importer(815301076,1909f56bfc062723c751e8b465ee728b)  -> (artifact id: '24173d3303e2a89600bce58c4c63992c') in 0.008923 seconds 
  Import took 0.010829 seconds .

========================================================================
Received Import Request.
  Time since last request: 0.003869 seconds.
  path: Assets/BrokenVector_Rocks/LowPolyRockPack/Prefabs/Rock Type3 03.prefab
  artifactKey: Guid(be320b6d231cacc4894038f2c3375674) Importer(815301076,1909f56bfc062723c751e8b465ee728b)
Start importing Assets/BrokenVector_Rocks/LowPolyRockPack/Prefabs/Rock Type3 03.prefab using Guid(be320b6d231cacc4894038f2c3375674) Importer(815301076,1909f56bfc062723c751e8b465ee728b)  -> (artifact id: 'f4893fd48aada07922c5a12c5c46cb19') in 0.008403 seconds 
  Import took 0.010413 seconds .

========================================================================
Received Import Request.
  Time since last request: 0.003931 seconds.
  path: Assets/BrokenVector_Rocks/LowPolyRockPack/Models/Rock Type3 04.dae
  artifactKey: Guid(f50da248aa3fb334ab1caff0974120bf) Importer(815301076,1909f56bfc062723c751e8b465ee728b)
Start importing Assets/BrokenVector_Rocks/LowPolyRockPack/Models/Rock Type3 04.dae using Guid(f50da248aa3fb334ab1caff0974120bf) Importer(815301076,1909f56bfc062723c751e8b465ee728b)  -> (artifact id: '0a55b2b0aae245825cf6f272394e39f5') in 0.011686 seconds 
  Import took 0.013678 seconds .

========================================================================
Received Import Request.
  Time since last request: 0.006503 seconds.
  path: Assets/BrokenVector_Rocks/LowPolyRockPack/Models/Rock Type4 01.dae
  artifactKey: Guid(4f025ccab8429664ea3422a254c221ca) Importer(815301076,1909f56bfc062723c751e8b465ee728b)
Start importing Assets/BrokenVector_Rocks/LowPolyRockPack/Models/Rock Type4 01.dae using Guid(4f025ccab8429664ea3422a254c221ca) Importer(815301076,1909f56bfc062723c751e8b465ee728b)  -> (artifact id: '94691e3753143053de987e02a07c279f') in 0.010933 seconds 
  Import took 0.012930 seconds .

========================================================================
Received Import Request.
  Time since last request: 0.002508 seconds.
  path: Assets/Materials
  artifactKey: Guid(b8737bda40cea468a85967aad932175a) Importer(815301076,1909f56bfc062723c751e8b465ee728b)
Start importing Assets/Materials using Guid(b8737bda40cea468a85967aad932175a) Importer(815301076,1909f56bfc062723c751e8b465ee728b)  -> (artifact id: '0b45005e53d9a05576241d2fa1ed2417') in 0.003798 seconds 
  Import took 0.005705 seconds .

========================================================================
Received Import Request.
  Time since last request: 0.002264 seconds.
  path: Assets/AllSky_Skybox/Overcast Low/Materials
  artifactKey: Guid(f66d111a8326643dba183bd85457ce3f) Importer(815301076,1909f56bfc062723c751e8b465ee728b)
Start importing Assets/AllSky_Skybox/Overcast Low/Materials using Guid(f66d111a8326643dba183bd85457ce3f) Importer(815301076,1909f56bfc062723c751e8b465ee728b)  -> (artifact id: '628eaac2d303a688060d26eb7bba3d6c') in 0.001594 seconds 
  Import took 0.003669 seconds .

========================================================================
Received Import Request.
  Time since last request: 0.003663 seconds.
  path: Assets/BrokenVector_Rocks/LowPolyRockPack/Prefabs/Rock Type5 02.prefab
  artifactKey: Guid(f584b275cfb132f48a2ec91fd9d1b576) Importer(815301076,1909f56bfc062723c751e8b465ee728b)
Start importing Assets/BrokenVector_Rocks/LowPolyRockPack/Prefabs/Rock Type5 02.prefab using Guid(f584b275cfb132f48a2ec91fd9d1b576) Importer(815301076,1909f56bfc062723c751e8b465ee728b)  -> (artifact id: '6e7333d046e1ac099a249c902c9057be') in 0.008795 seconds 
  Import took 0.011088 seconds .

========================================================================
Received Import Request.
  Time since last request: 0.004016 seconds.
  path: Assets/Materials/Marble.mat
  artifactKey: Guid(b944498c7e4b3436d8025942daa7774f) Importer(815301076,1909f56bfc062723c751e8b465ee728b)
Start importing Assets/Materials/Marble.mat using Guid(b944498c7e4b3436d8025942daa7774f) Importer(815301076,1909f56bfc062723c751e8b465ee728b)  -> (artifact id: 'a6baffafff93c9fe3aa39ba7ba0ac393') in 0.026343 seconds 
  Import took 0.028415 seconds .

========================================================================
Received Import Request.
  Time since last request: 0.004041 seconds.
  path: Assets/BrokenVector_Rocks/LowPolyRockPack/Prefabs/Rock Type5 03.prefab
  artifactKey: Guid(1fdb4e5d510354f43bcd6ed13b8eb3be) Importer(815301076,1909f56bfc062723c751e8b465ee728b)
Start importing Assets/BrokenVector_Rocks/LowPolyRockPack/Prefabs/Rock Type5 03.prefab using Guid(1fdb4e5d510354f43bcd6ed13b8eb3be) Importer(815301076,1909f56bfc062723c751e8b465ee728b)  -> (artifact id: '2b6ac7cafcc4bf0ac964391574086a0c') in 0.008535 seconds 
  Import took 0.010559 seconds .

========================================================================
Received Import Request.
  Time since last request: 0.004117 seconds.
  path: Assets/BrokenVector_Rocks/LowPolyRockPack/Models/Rock Type3 01.dae
  artifactKey: Guid(d01883e876066d54280ca7ceb187f173) Importer(815301076,1909f56bfc062723c751e8b465ee728b)
Start importing Assets/BrokenVector_Rocks/LowPolyRockPack/Models/Rock Type3 01.dae using Guid(d01883e876066d54280ca7ceb187f173) Importer(815301076,1909f56bfc062723c751e8b465ee728b)  -> (artifact id: 'eaf55566e6f5f0475d24c6d47b95b0e8') in 0.011862 seconds 
  Import took 0.013879 seconds .

========================================================================
Received Import Request.
  Time since last request: 0.004072 seconds.
  path: Assets/_Scenes/PrimitivesGallery.unity
  artifactKey: Guid(2043dfe366f3d4d41b75e890b658be85) Importer(815301076,1909f56bfc062723c751e8b465ee728b)
Start importing Assets/_Scenes/PrimitivesGallery.unity using Guid(2043dfe366f3d4d41b75e890b658be85) Importer(815301076,1909f56bfc062723c751e8b465ee728b)  -> (artifact id: 'e8bdd346c0962ac23cab6c88df30cc0a') in 0.004068 seconds 
  Import took 0.006042 seconds .

========================================================================
Received Import Request.
  Time since last request: 0.003947 seconds.
  path: Assets/BrokenVector_Rocks/LowPolyRockPack/Textures/Colorsheet Rock Orange.png
  artifactKey: Guid(373999fd26f1a054dab3611997559ef1) Importer(815301076,1909f56bfc062723c751e8b465ee728b)
Start importing Assets/BrokenVector_Rocks/LowPolyRockPack/Textures/Colorsheet Rock Orange.png using Guid(373999fd26f1a054dab3611997559ef1) Importer(815301076,1909f56bfc062723c751e8b465ee728b)  -> (artifact id: 'b1f29e598c7302653728df68b601e6cc') in 0.006747 seconds 
  Import took 0.008722 seconds .

========================================================================
Received Import Request.
  Time since last request: 0.004092 seconds.
  path: Assets/BrokenVector_Rocks/LowPolyRockPack/Models/Rock Type4 02.dae
  artifactKey: Guid(2aeea187d4a9dce4da2f26d62f5bbc96) Importer(815301076,1909f56bfc062723c751e8b465ee728b)
Start importing Assets/BrokenVector_Rocks/LowPolyRockPack/Models/Rock Type4 02.dae using Guid(2aeea187d4a9dce4da2f26d62f5bbc96) Importer(815301076,1909f56bfc062723c751e8b465ee728b)  -> (artifact id: '5adc92ee06f989c3824a7eb99a3755f2') in 0.011615 seconds 
  Import took 0.013564 seconds .

========================================================================
Received Import Request.
  Time since last request: 0.003944 seconds.
  path: Assets/BrokenVector_Rocks/LowPolyRockPack/Models/Rock Type2 04.dae
  artifactKey: Guid(19497d68b37d2594fb3e269601d333be) Importer(815301076,1909f56bfc062723c751e8b465ee728b)
Start importing Assets/BrokenVector_Rocks/LowPolyRockPack/Models/Rock Type2 04.dae using Guid(19497d68b37d2594fb3e269601d333be) Importer(815301076,1909f56bfc062723c751e8b465ee728b)  -> (artifact id: '75df952d21eef1138444f915a0851ecc') in 0.011673 seconds 
  Import took 0.013786 seconds .

========================================================================
Received Import Request.
  Time since last request: 0.004030 seconds.
  path: Assets/AllSky_Skybox/Overcast Low/Sky_AllSky_Overcast4_Low_Cam_1_Back-Z.png
  artifactKey: Guid(4efb8fd75703d43cab6f01b240a7c945) Importer(815301076,1909f56bfc062723c751e8b465ee728b)
Start importing Assets/AllSky_Skybox/Overcast Low/Sky_AllSky_Overcast4_Low_Cam_1_Back-Z.png using Guid(4efb8fd75703d43cab6f01b240a7c945) Importer(815301076,1909f56bfc062723c751e8b465ee728b)  -> (artifact id: '073e7efcb94157a0f1c850fed1d75690') in 0.009699 seconds 
  Import took 0.011759 seconds .

========================================================================
Received Import Request.
  Time since last request: 0.004080 seconds.
  path: Assets/BrokenVector_Rocks/LowPolyRockPack/Textures/Colorsheet Rock Green.png
  artifactKey: Guid(261daef070ff0384db9965e419ec9f35) Importer(815301076,1909f56bfc062723c751e8b465ee728b)
Start importing Assets/BrokenVector_Rocks/LowPolyRockPack/Textures/Colorsheet Rock Green.png using Guid(261daef070ff0384db9965e419ec9f35) Importer(815301076,1909f56bfc062723c751e8b465ee728b)  -> (artifact id: 'fbaff363f2beaa558569b8fd2af755ea') in 0.009538 seconds 
  Import took 0.011570 seconds .

========================================================================
Received Import Request.
  Time since last request: 0.003878 seconds.
  path: Assets/Prefabs/pedestal.prefab
  artifactKey: Guid(049f5bbb0b7ce4cd998f28e79d2f83fb) Importer(815301076,1909f56bfc062723c751e8b465ee728b)
Start importing Assets/Prefabs/pedestal.prefab using Guid(049f5bbb0b7ce4cd998f28e79d2f83fb) Importer(815301076,1909f56bfc062723c751e8b465ee728b)  -> (artifact id: '09af9f028003f48d380bad8e0f382af6') in 0.009676 seconds 
  Import took 0.011780 seconds .

========================================================================
Received Import Request.
  Time since last request: 0.003924 seconds.
  path: Assets/BrokenVector_Rocks/LowPolyRockPack/Prefabs/Rock Type6 04.prefab
  artifactKey: Guid(7710ce4a7ee932b4a86742119e3babae) Importer(815301076,1909f56bfc062723c751e8b465ee728b)
Start importing Assets/BrokenVector_Rocks/LowPolyRockPack/Prefabs/Rock Type6 04.prefab using Guid(7710ce4a7ee932b4a86742119e3babae) Importer(815301076,1909f56bfc062723c751e8b465ee728b)  -> (artifact id: '3b53c248b07bb6da5346a1262eedcb62') in 0.009239 seconds 
  Import took 0.011288 seconds .

========================================================================
Received Import Request.
  Time since last request: 0.003881 seconds.
  path: Assets/BrokenVector_Rocks/LowPolyRockPack/Models/Rock Type4 04.dae
  artifactKey: Guid(4ae004581940d5b4893d1326d72ca2d7) Importer(815301076,1909f56bfc062723c751e8b465ee728b)
Start importing Assets/BrokenVector_Rocks/LowPolyRockPack/Models/Rock Type4 04.dae using Guid(4ae004581940d5b4893d1326d72ca2d7) Importer(815301076,1909f56bfc062723c751e8b465ee728b)  -> (artifact id: '824b5fc7ee3f7d8b1b8270d22a40defd') in 0.011596 seconds 
  Import took 0.013595 seconds .

========================================================================
Received Import Request.
  Time since last request: 0.004023 seconds.
  path: Assets/BrokenVector_Rocks/LowPolyRockPack/Prefabs/Rock Type4 02.prefab
  artifactKey: Guid(3a699487877e77b439ff09deb77625e5) Importer(815301076,1909f56bfc062723c751e8b465ee728b)
Start importing Assets/BrokenVector_Rocks/LowPolyRockPack/Prefabs/Rock Type4 02.prefab using Guid(3a699487877e77b439ff09deb77625e5) Importer(815301076,1909f56bfc062723c751e8b465ee728b)  -> (artifact id: 'fa9cc1ab8264f437b43ecbf6c960fe4b') in 0.008452 seconds 
  Import took 0.010515 seconds .

========================================================================
Received Import Request.
  Time since last request: 0.003909 seconds.
  path: Assets/AllSky_Skybox/AllSkyFree_Readme.txt
  artifactKey: Guid(b5443709c18b745a19a0a71636938ca9) Importer(815301076,1909f56bfc062723c751e8b465ee728b)
Start importing Assets/AllSky_Skybox/AllSkyFree_Readme.txt using Guid(b5443709c18b745a19a0a71636938ca9) Importer(815301076,1909f56bfc062723c751e8b465ee728b)  -> (artifact id: 'eb75f58cee78326fbb2a8db6ab5d36e5') in 0.009479 seconds 
  Import took 0.011452 seconds .

========================================================================
Received Import Request.
  Time since last request: 0.002235 seconds.
  path: Assets/AllSky_Skybox/Overcast Low
  artifactKey: Guid(63e1d590517f54841ad8cf519edf1256) Importer(815301076,1909f56bfc062723c751e8b465ee728b)
Start importing Assets/AllSky_Skybox/Overcast Low using Guid(63e1d590517f54841ad8cf519edf1256) Importer(815301076,1909f56bfc062723c751e8b465ee728b)  -> (artifact id: 'c7e72498eaf6be9440759d085e23f504') in 0.003692 seconds 
  Import took 0.005637 seconds .

========================================================================
Received Import Request.
  Time since last request: 0.006431 seconds.
  path: Assets/BrokenVector_Rocks/LowPolyRockPack/Prefabs/Rock Type3 02.prefab
  artifactKey: Guid(61b490990a08faa419b1bb6a6708ad09) Importer(815301076,1909f56bfc062723c751e8b465ee728b)
Start importing Assets/BrokenVector_Rocks/LowPolyRockPack/Prefabs/Rock Type3 02.prefab using Guid(61b490990a08faa419b1bb6a6708ad09) Importer(815301076,1909f56bfc062723c751e8b465ee728b)  -> (artifact id: '1770ac1fa79975eb609184c3432bbaa0') in 0.008912 seconds 
  Import took 0.010953 seconds .

========================================================================
Received Import Request.
  Time since last request: 0.004022 seconds.
  path: Assets/BrokenVector_Rocks/LowPolyRockPack/Models/Rock Type1 04.dae
  artifactKey: Guid(50c02f0fd54eb9f4f8869a398c63d3d0) Importer(815301076,1909f56bfc062723c751e8b465ee728b)
Start importing Assets/BrokenVector_Rocks/LowPolyRockPack/Models/Rock Type1 04.dae using Guid(50c02f0fd54eb9f4f8869a398c63d3d0) Importer(815301076,1909f56bfc062723c751e8b465ee728b)  -> (artifact id: 'a56af899adc4ec0bf03fa0422d480bc1') in 0.011600 seconds 
  Import took 0.013739 seconds .

========================================================================
Received Import Request.
  Time since last request: 0.003877 seconds.
  path: Assets/BrokenVector_Rocks/LowPolyRockPack/Prefabs/Rock Type1 02.prefab
  artifactKey: Guid(dc8f0d303746c2a4b89ee60884906304) Importer(815301076,1909f56bfc062723c751e8b465ee728b)
Start importing Assets/BrokenVector_Rocks/LowPolyRockPack/Prefabs/Rock Type1 02.prefab using Guid(dc8f0d303746c2a4b89ee60884906304) Importer(815301076,1909f56bfc062723c751e8b465ee728b)  -> (artifact id: '2884b2ab2a5767a2a34243a1e3deb812') in 0.009146 seconds 
  Import took 0.011558 seconds .

========================================================================
Received Import Request.
  Time since last request: 0.004302 seconds.
  path: Assets/AllSky_Skybox/Overcast Low/AllSky_Overcast4_Low.png
  artifactKey: Guid(c8f21f62fdb3e43c5b32917c84683698) Importer(815301076,1909f56bfc062723c751e8b465ee728b)
Start importing Assets/AllSky_Skybox/Overcast Low/AllSky_Overcast4_Low.png using Guid(c8f21f62fdb3e43c5b32917c84683698) Importer(815301076,1909f56bfc062723c751e8b465ee728b)  -> (artifact id: '752ebe0c56f565dd88d63d2285911f93') in 0.110118 seconds 
  Import took 0.112140 seconds .

========================================================================
Received Import Request.
  Time since last request: 0.003954 seconds.
  path: Assets/AllSky_Skybox/Overcast Low/AllSky_Overcast4_Low Equirect.mat
  artifactKey: Guid(54fe2f000ad8f424fb63cc3ea0ae2bb2) Importer(815301076,1909f56bfc062723c751e8b465ee728b)
Start importing Assets/AllSky_Skybox/Overcast Low/AllSky_Overcast4_Low Equirect.mat using Guid(54fe2f000ad8f424fb63cc3ea0ae2bb2) Importer(815301076,1909f56bfc062723c751e8b465ee728b)  -> (artifact id: 'b2f350619df6d3a2572db255ba0c56b0') in 0.028608 seconds 
  Import took 0.030740 seconds .

========================================================================
Received Import Request.
  Time since last request: 0.003875 seconds.
  path: Assets/Scripts/Rotator.cs
  artifactKey: Guid(63b30dbc72c27422c8fa31782ca680bc) Importer(815301076,1909f56bfc062723c751e8b465ee728b)
Start importing Assets/Scripts/Rotator.cs using Guid(63b30dbc72c27422c8fa31782ca680bc) Importer(815301076,1909f56bfc062723c751e8b465ee728b)  -> (artifact id: '363d596d2aaa844c41e215d1cbf990b7') in 0.003895 seconds 
  Import took 0.005840 seconds .

========================================================================
Received Import Request.
  Time since last request: 0.003593 seconds.
  path: Assets/Models/pedestal.fbx
  artifactKey: Guid(809e204116c6d4a52b453b74a300a866) Importer(815301076,1909f56bfc062723c751e8b465ee728b)
Start importing Assets/Models/pedestal.fbx using Guid(809e204116c6d4a52b453b74a300a866) Importer(815301076,1909f56bfc062723c751e8b465ee728b)  -> (artifact id: '4a0cbb165fe698da05aaadc51ff6338a') in 0.022549 seconds 
  Import took 0.024554 seconds .

========================================================================
Received Import Request.
  Time since last request: 0.004103 seconds.
  path: Assets/AllSky_Skybox/Overcast Low/AllSky_Overcast4_Low.mat
  artifactKey: Guid(f2b5f3f20933f434e850db1b710542fd) Importer(815301076,1909f56bfc062723c751e8b465ee728b)
Start importing Assets/AllSky_Skybox/Overcast Low/AllSky_Overcast4_Low.mat using Guid(f2b5f3f20933f434e850db1b710542fd) Importer(815301076,1909f56bfc062723c751e8b465ee728b)  -> (artifact id: '7f48a4038af3061938be8404cda16b2f') in 0.132998 seconds 
  Import took 0.135102 seconds .

========================================================================
Received Import Request.
  Time since last request: 0.002584 seconds.
  path: Assets/Models
  artifactKey: Guid(7f84b0c3791cb4f9bb105127f4dbc71d) Importer(815301076,1909f56bfc062723c751e8b465ee728b)
Start importing Assets/Models using Guid(7f84b0c3791cb4f9bb105127f4dbc71d) Importer(815301076,1909f56bfc062723c751e8b465ee728b)  -> (artifact id: '18be1c6e1e722e13a7c45089409e16bb') in 0.003883 seconds 
  Import took 0.006262 seconds .

========================================================================
Received Import Request.
  Time since last request: 0.003931 seconds.
  path: Assets/BrokenVector_Rocks/LowPolyRockPack/Prefabs/Rock Type6 01.prefab
  artifactKey: Guid(78a4b58c8edc1884e932497bbb0da899) Importer(815301076,1909f56bfc062723c751e8b465ee728b)
Start importing Assets/BrokenVector_Rocks/LowPolyRockPack/Prefabs/Rock Type6 01.prefab using Guid(78a4b58c8edc1884e932497bbb0da899) Importer(815301076,1909f56bfc062723c751e8b465ee728b)  -> (artifact id: '1ca57a0d31a2f664abac64844ee585a5') in 0.008767 seconds 
  Import took 0.010988 seconds .

========================================================================
Received Import Request.
  Time since last request: 0.003967 seconds.
  path: Assets/_Scenes/Another scene.unity
  artifactKey: Guid(617cc7aa4cdef88459696f791493ffcf) Importer(815301076,1909f56bfc062723c751e8b465ee728b)
Start importing Assets/_Scenes/Another scene.unity using Guid(617cc7aa4cdef88459696f791493ffcf) Importer(815301076,1909f56bfc062723c751e8b465ee728b)  -> (artifact id: '8bc9bb1ddf0fb25bb889c95591338685') in 0.001721 seconds 
  Import took 0.003720 seconds .

========================================================================
Received Import Request.
  Time since last request: 0.003575 seconds.
  path: Assets/BrokenVector_Rocks/LowPolyRockPack/Prefabs/Rock Type6 03.prefab
  artifactKey: Guid(48333a5aa700be24c963813c82ef05d9) Importer(815301076,1909f56bfc062723c751e8b465ee728b)
Start importing Assets/BrokenVector_Rocks/LowPolyRockPack/Prefabs/Rock Type6 03.prefab using Guid(48333a5aa700be24c963813c82ef05d9) Importer(815301076,1909f56bfc062723c751e8b465ee728b)  -> (artifact id: '24144354c97a17a3c99fccf3b9c623f5') in 0.009018 seconds 
  Import took 0.011195 seconds .

========================================================================
Received Import Request.
  Time since last request: 0.002567 seconds.
  path: Assets/BrokenVector_Rocks
  artifactKey: Guid(3986eca1bacd84050acf5bc6351d1a26) Importer(815301076,1909f56bfc062723c751e8b465ee728b)
Start importing Assets/BrokenVector_Rocks using Guid(3986eca1bacd84050acf5bc6351d1a26) Importer(815301076,1909f56bfc062723c751e8b465ee728b)  -> (artifact id: '5555f02fa68eb1b05f316f0ad06db3d4') in 0.003889 seconds 
  Import took 0.006314 seconds .

========================================================================
Received Import Request.
  Time since last request: 0.003595 seconds.
  path: Assets/BrokenVector_Rocks/LowPolyRockPack/Materials/Green.mat
  artifactKey: Guid(58580be5a1ee44d42a9966d48abb8758) Importer(815301076,1909f56bfc062723c751e8b465ee728b)
Start importing Assets/BrokenVector_Rocks/LowPolyRockPack/Materials/Green.mat using Guid(58580be5a1ee44d42a9966d48abb8758) Importer(815301076,1909f56bfc062723c751e8b465ee728b)  -> (artifact id: '2f18e47f4f7bf8679098ca196fc9ce50') in 0.008927 seconds 
  Import took 0.011142 seconds .

========================================================================
Received Import Request.
  Time since last request: 0.004108 seconds.
  path: Assets/BrokenVector_Rocks/LowPolyRockPack/Models/Rock Type2 02.dae
  artifactKey: Guid(815ec0c049d4ec849bd4960c32e13ec2) Importer(815301076,1909f56bfc062723c751e8b465ee728b)
Start importing Assets/BrokenVector_Rocks/LowPolyRockPack/Models/Rock Type2 02.dae using Guid(815ec0c049d4ec849bd4960c32e13ec2) Importer(815301076,1909f56bfc062723c751e8b465ee728b)  -> (artifact id: '9ab9728457776faa15bf77f7232d4585') in 0.012252 seconds 
  Import took 0.014300 seconds .

========================================================================
Received Import Request.
  Time since last request: 0.003999 seconds.
  path: Assets/BrokenVector_Rocks/LowPolyRockPack/Models/Rock Type1 02.dae
  artifactKey: Guid(110d2d66b09076d4e88fb91dc58961ab) Importer(815301076,1909f56bfc062723c751e8b465ee728b)
Start importing Assets/BrokenVector_Rocks/LowPolyRockPack/Models/Rock Type1 02.dae using Guid(110d2d66b09076d4e88fb91dc58961ab) Importer(815301076,1909f56bfc062723c751e8b465ee728b)  -> (artifact id: '381868c82a85a536bd36d3e0e1c1fb2a') in 0.011616 seconds 
  Import took 0.013668 seconds .

========================================================================
Received Import Request.
  Time since last request: 0.004049 seconds.
  path: Assets/_Scenes/SampleScene.unity
  artifactKey: Guid(9fc0d4010bbf28b4594072e72b8655ab) Importer(815301076,1909f56bfc062723c751e8b465ee728b)
Start importing Assets/_Scenes/SampleScene.unity using Guid(9fc0d4010bbf28b4594072e72b8655ab) Importer(815301076,1909f56bfc062723c751e8b465ee728b)  -> (artifact id: 'dae43773115a5f82027e4be2062a658f') in 0.004565 seconds 
  Import took 0.006691 seconds .

========================================================================
Received Import Request.
  Time since last request: 0.003854 seconds.
  path: Assets/BrokenVector_Rocks/LowPolyRockPack/Prefabs/Rock Type5 01.prefab
  artifactKey: Guid(e9cb95ee3e55d914bbd4e5eb2d0a510c) Importer(815301076,1909f56bfc062723c751e8b465ee728b)
Start importing Assets/BrokenVector_Rocks/LowPolyRockPack/Prefabs/Rock Type5 01.prefab using Guid(e9cb95ee3e55d914bbd4e5eb2d0a510c) Importer(815301076,1909f56bfc062723c751e8b465ee728b)  -> (artifact id: 'e6ecc00774d13f29e6c94399fe573398') in 0.008830 seconds 
  Import took 0.011019 seconds .

========================================================================
Received Import Request.
  Time since last request: 0.006080 seconds.
  path: Assets/BrokenVector_Rocks/LowPolyRockPack/Models/Rock Type1 03.dae
  artifactKey: Guid(9d775005a3ddca74096b475e99b14c13) Importer(815301076,1909f56bfc062723c751e8b465ee728b)
Start importing Assets/BrokenVector_Rocks/LowPolyRockPack/Models/Rock Type1 03.dae using Guid(9d775005a3ddca74096b475e99b14c13) Importer(815301076,1909f56bfc062723c751e8b465ee728b)  -> (artifact id: '641b998b5ec9028738929718ecb528f2') in 0.011479 seconds 
  Import took 0.013567 seconds .

========================================================================
Received Import Request.
  Time since last request: 0.003976 seconds.
  path: Assets/BrokenVector_Rocks/LowPolyRockPack/Models/Rock Type6 04.dae
  artifactKey: Guid(c4534353dff9c6c468c490e0560f8f91) Importer(815301076,1909f56bfc062723c751e8b465ee728b)
Start importing Assets/BrokenVector_Rocks/LowPolyRockPack/Models/Rock Type6 04.dae using Guid(c4534353dff9c6c468c490e0560f8f91) Importer(815301076,1909f56bfc062723c751e8b465ee728b)  -> (artifact id: '41378caa90aa99c87b2a027b2426dedc') in 0.011611 seconds 
  Import took 0.013653 seconds .

========================================================================
Received Import Request.
  Time since last request: 0.004015 seconds.
  path: Assets/BrokenVector_Rocks/LowPolyRockPack/Models/Rock Type2 01.dae
  artifactKey: Guid(6425f5e52f03e4340a3afa5f62f57a0d) Importer(815301076,1909f56bfc062723c751e8b465ee728b)
Start importing Assets/BrokenVector_Rocks/LowPolyRockPack/Models/Rock Type2 01.dae using Guid(6425f5e52f03e4340a3afa5f62f57a0d) Importer(815301076,1909f56bfc062723c751e8b465ee728b)  -> (artifact id: '861ace3c6c3c69a6fd396cf017d2c5da') in 0.011460 seconds 
  Import took 0.013475 seconds .

========================================================================
Received Import Request.
  Time since last request: 0.004045 seconds.
  path: Assets/BrokenVector_Rocks/LowPolyRockPack/Materials/Sand.mat
  artifactKey: Guid(ab1c456102124f54b9ac73a185735796) Importer(815301076,1909f56bfc062723c751e8b465ee728b)
Start importing Assets/BrokenVector_Rocks/LowPolyRockPack/Materials/Sand.mat using Guid(ab1c456102124f54b9ac73a185735796) Importer(815301076,1909f56bfc062723c751e8b465ee728b)  -> (artifact id: '02f55110ac03d8405f802940b05f1ec1') in 0.009212 seconds 
  Import took 0.011324 seconds .

========================================================================
Received Import Request.
  Time since last request: 0.002699 seconds.
  path: Assets/BrokenVector_Rocks/LowPolyRockPack/Materials
  artifactKey: Guid(7126f6c4101bdaf48b0c2d2d8087329f) Importer(815301076,1909f56bfc062723c751e8b465ee728b)
Start importing Assets/BrokenVector_Rocks/LowPolyRockPack/Materials using Guid(7126f6c4101bdaf48b0c2d2d8087329f) Importer(815301076,1909f56bfc062723c751e8b465ee728b)  -> (artifact id: 'd20b641c3dd330490ded5a40cd49bad0') in 0.001254 seconds 
  Import took 0.003507 seconds .

========================================================================
Received Import Request.
  Time since last request: 0.005026 seconds.
  path: Assets/BrokenVector_Rocks/LowPolyRockPack/Models
  artifactKey: Guid(98a9a7689e636484b90e071418dbf482) Importer(815301076,1909f56bfc062723c751e8b465ee728b)
Start importing Assets/BrokenVector_Rocks/LowPolyRockPack/Models using Guid(98a9a7689e636484b90e071418dbf482) Importer(815301076,1909f56bfc062723c751e8b465ee728b)  -> (artifact id: '76fc486137a8d0c5ba76420bebd038f6') in 0.001655 seconds 
  Import took 0.003781 seconds .

========================================================================
Received Import Request.
  Time since last request: 0.003696 seconds.
  path: Assets/Materials/Concrete.mat
  artifactKey: Guid(6e306ee3d314e48bcb3443109e214422) Importer(815301076,1909f56bfc062723c751e8b465ee728b)
Start importing Assets/Materials/Concrete.mat using Guid(6e306ee3d314e48bcb3443109e214422) Importer(815301076,1909f56bfc062723c751e8b465ee728b)  -> (artifact id: '363e07edad230a3ab78f5c03548531b3') in 0.022645 seconds 
  Import took 0.024681 seconds .

========================================================================
Received Import Request.
  Time since last request: 0.004063 seconds.
  path: Assets/BrokenVector_Rocks/LowPolyRockPack/Prefabs/Rock Type4 03.prefab
  artifactKey: Guid(491333d4c0bd88148813a9dde7fe955b) Importer(815301076,1909f56bfc062723c751e8b465ee728b)
Start importing Assets/BrokenVector_Rocks/LowPolyRockPack/Prefabs/Rock Type4 03.prefab using Guid(491333d4c0bd88148813a9dde7fe955b) Importer(815301076,1909f56bfc062723c751e8b465ee728b)  -> (artifact id: '9b5306e5ad711b0eff051a6e0665c92a') in 0.009156 seconds 
  Import took 0.011433 seconds .

========================================================================
Received Import Request.
  Time since last request: 0.004699 seconds.
  path: Assets/BrokenVector_Rocks/LowPolyRockPack/Prefabs/Rock Type2 02.prefab
  artifactKey: Guid(41dcf1459594f434a8a9bae6ae03eab0) Importer(815301076,1909f56bfc062723c751e8b465ee728b)
Start importing Assets/BrokenVector_Rocks/LowPolyRockPack/Prefabs/Rock Type2 02.prefab using Guid(41dcf1459594f434a8a9bae6ae03eab0) Importer(815301076,1909f56bfc062723c751e8b465ee728b)  -> (artifact id: 'f4ebecd350afd18c6518f7e8765b9cb2') in 0.009474 seconds 
  Import took 0.011587 seconds .

========================================================================
Received Import Request.
  Time since last request: 0.004455 seconds.
  path: Assets/BrokenVector_Rocks/LowPolyRockPack/Prefabs/Rock Type3 01.prefab
  artifactKey: Guid(b73c6c1069411b947aaaa9d12c37c652) Importer(815301076,1909f56bfc062723c751e8b465ee728b)
Start importing Assets/BrokenVector_Rocks/LowPolyRockPack/Prefabs/Rock Type3 01.prefab using Guid(b73c6c1069411b947aaaa9d12c37c652) Importer(815301076,1909f56bfc062723c751e8b465ee728b)  -> (artifact id: 'ad72e22708034d2f8b3c5263a0b1fa69') in 0.009045 seconds 
  Import took 0.011100 seconds .

========================================================================
Received Import Request.
  Time since last request: 0.003951 seconds.
  path: Assets/AllSky_Skybox/Overcast Low/Materials/AllSky_Overcast4_Low.mat
  artifactKey: Guid(e711f54060afd43f386cd00bd40db935) Importer(815301076,1909f56bfc062723c751e8b465ee728b)
Start importing Assets/AllSky_Skybox/Overcast Low/Materials/AllSky_Overcast4_Low.mat using Guid(e711f54060afd43f386cd00bd40db935) Importer(815301076,1909f56bfc062723c751e8b465ee728b)  -> (artifact id: '246d76b2216dfd079ae0da32b47efeef') in 0.016217 seconds 
  Import took 0.018395 seconds .

========================================================================
Received Import Request.
  Time since last request: 0.003834 seconds.
  path: Assets/BrokenVector_Rocks/LowPolyRockPack/Models/Rock Type5 02.dae
  artifactKey: Guid(ee344ff51e4ffbb41949e122c861e46d) Importer(815301076,1909f56bfc062723c751e8b465ee728b)
Start importing Assets/BrokenVector_Rocks/LowPolyRockPack/Models/Rock Type5 02.dae using Guid(ee344ff51e4ffbb41949e122c861e46d) Importer(815301076,1909f56bfc062723c751e8b465ee728b)  -> (artifact id: '81597cf193891f545a334465fd7a7d38') in 0.011380 seconds 
  Import took 0.013418 seconds .

========================================================================
Received Import Request.
  Time since last request: 0.002556 seconds.
  path: Assets/Prefabs
  artifactKey: Guid(93c3502a04503435fb872a72c7c1d0e4) Importer(815301076,1909f56bfc062723c751e8b465ee728b)
Start importing Assets/Prefabs using Guid(93c3502a04503435fb872a72c7c1d0e4) Importer(815301076,1909f56bfc062723c751e8b465ee728b)  -> (artifact id: '454d64eb9ced07b4fc66845171b8168f') in 0.003599 seconds 
  Import took 0.005591 seconds .

========================================================================
Received Import Request.
  Time since last request: 0.003750 seconds.
  path: Assets/BrokenVector_Rocks/LowPolyRockPack/Models/Rock Type4 03.dae
  artifactKey: Guid(b8ebafa78dff0064cb20deada72cb631) Importer(815301076,1909f56bfc062723c751e8b465ee728b)
Start importing Assets/BrokenVector_Rocks/LowPolyRockPack/Models/Rock Type4 03.dae using Guid(b8ebafa78dff0064cb20deada72cb631) Importer(815301076,1909f56bfc062723c751e8b465ee728b)  -> (artifact id: '74e52eefaf3a98c30cb50145da582e73') in 0.013609 seconds 
  Import took 0.015615 seconds .

========================================================================
Received Import Request.
  Time since last request: 0.004471 seconds.
  path: Assets/BrokenVector_Rocks/LowPolyRockPack/Models/Rock Type5 04.dae
  artifactKey: Guid(63d2b0fa33464ad49bcded49a4303d23) Importer(815301076,1909f56bfc062723c751e8b465ee728b)
Start importing Assets/BrokenVector_Rocks/LowPolyRockPack/Models/Rock Type5 04.dae using Guid(63d2b0fa33464ad49bcded49a4303d23) Importer(815301076,1909f56bfc062723c751e8b465ee728b)  -> (artifact id: '8dd7dcf3fc535cae05049da6bd135552') in 0.011546 seconds 
  Import took 0.013584 seconds .

========================================================================
Received Import Request.
  Time since last request: 0.004013 seconds.
  path: Assets/BrokenVector_Rocks/LowPolyRockPack/Prefabs/Rock Type2 04.prefab
  artifactKey: Guid(5578b82f17c954843901e8b68ca21dcc) Importer(815301076,1909f56bfc062723c751e8b465ee728b)
Start importing Assets/BrokenVector_Rocks/LowPolyRockPack/Prefabs/Rock Type2 04.prefab using Guid(5578b82f17c954843901e8b68ca21dcc) Importer(815301076,1909f56bfc062723c751e8b465ee728b)  -> (artifact id: 'cb1404029fa944083750b2f6f668b499') in 0.008124 seconds 
  Import took 0.010311 seconds .

========================================================================
Received Import Request.
  Time since last request: 0.002540 seconds.
  path: Assets/BrokenVector_Rocks/LowPolyRockPack
  artifactKey: Guid(fb6ca30714ea3ea489f5394dcfaf59e1) Importer(815301076,1909f56bfc062723c751e8b465ee728b)
Start importing Assets/BrokenVector_Rocks/LowPolyRockPack using Guid(fb6ca30714ea3ea489f5394dcfaf59e1) Importer(815301076,1909f56bfc062723c751e8b465ee728b)  -> (artifact id: '008db9b075652bd35e1d5329c4d231d1') in 0.003802 seconds 
  Import took 0.005874 seconds .

========================================================================
Received Import Request.
  Time since last request: 0.003620 seconds.
  path: Assets/BrokenVector_Rocks/LowPolyRockPack/Prefabs/Rock Type4 04.prefab
  artifactKey: Guid(ccbe3c5efe0bbed4bbe4b8651efb2db8) Importer(815301076,1909f56bfc062723c751e8b465ee728b)
Start importing Assets/BrokenVector_Rocks/LowPolyRockPack/Prefabs/Rock Type4 04.prefab using Guid(ccbe3c5efe0bbed4bbe4b8651efb2db8) Importer(815301076,1909f56bfc062723c751e8b465ee728b)  -> (artifact id: 'b7dd7bf220535c4f931710b4ec223346') in 0.010559 seconds 
  Import took 0.012632 seconds .

========================================================================
Received Import Request.
  Time since last request: 0.004004 seconds.
  path: Assets/BrokenVector_Rocks/LowPolyRockPack/Models/Rock Type3 02.dae
  artifactKey: Guid(5ccad72751160e341ad0b43ec43a620a) Importer(815301076,1909f56bfc062723c751e8b465ee728b)
Start importing Assets/BrokenVector_Rocks/LowPolyRockPack/Models/Rock Type3 02.dae using Guid(5ccad72751160e341ad0b43ec43a620a) Importer(815301076,1909f56bfc062723c751e8b465ee728b)  -> (artifact id: 'ebe7f8d3cdcb2788d1b72d27c9f47aee') in 0.012013 seconds 
  Import took 0.014124 seconds .

========================================================================
Received Import Request.
  Time since last request: 0.004108 seconds.
  path: Assets/BrokenVector_Rocks/LowPolyRockPack/Prefabs/Rock Type5 04.prefab
  artifactKey: Guid(329d0b0187f24cd4da9f775d83708bd6) Importer(815301076,1909f56bfc062723c751e8b465ee728b)
Start importing Assets/BrokenVector_Rocks/LowPolyRockPack/Prefabs/Rock Type5 04.prefab using Guid(329d0b0187f24cd4da9f775d83708bd6) Importer(815301076,1909f56bfc062723c751e8b465ee728b)  -> (artifact id: 'e9f2d038fc75c62fffebf48a1eb49df0') in 0.009023 seconds 
  Import took 0.011111 seconds .

========================================================================
Received Import Request.
  Time since last request: 0.004153 seconds.
  path: Assets/BrokenVector_Rocks/LowPolyRockPack/Models/Rock Type5 01.dae
  artifactKey: Guid(e6630d62478f89847ba57d087ab513c5) Importer(815301076,1909f56bfc062723c751e8b465ee728b)
Start importing Assets/BrokenVector_Rocks/LowPolyRockPack/Models/Rock Type5 01.dae using Guid(e6630d62478f89847ba57d087ab513c5) Importer(815301076,1909f56bfc062723c751e8b465ee728b)  -> (artifact id: 'ddcfd9738921b9eacf13f53dd238fd98') in 0.011140 seconds 
  Import took 0.013205 seconds .

========================================================================
Received Import Request.
  Time since last request: 0.004223 seconds.
  path: Assets/BrokenVector_Rocks/LowPolyRockPack/Prefabs/Rock Type1 04.prefab
  artifactKey: Guid(105b83a46d287294bbe7892a1e1f2ea3) Importer(815301076,1909f56bfc062723c751e8b465ee728b)
Start importing Assets/BrokenVector_Rocks/LowPolyRockPack/Prefabs/Rock Type1 04.prefab using Guid(105b83a46d287294bbe7892a1e1f2ea3) Importer(815301076,1909f56bfc062723c751e8b465ee728b)  -> (artifact id: 'eaf15993f3edbcbbc6926d6d27bc5ce6') in 0.008624 seconds 
  Import took 0.010717 seconds .

========================================================================
Received Import Request.
  Time since last request: 0.003976 seconds.
  path: Assets/BrokenVector_Rocks/LowPolyRockPack/Prefabs/Rock Type6 02.prefab
  artifactKey: Guid(bcd44f8d0f766b340b72d555a8df8a72) Importer(815301076,1909f56bfc062723c751e8b465ee728b)
Start importing Assets/BrokenVector_Rocks/LowPolyRockPack/Prefabs/Rock Type6 02.prefab using Guid(bcd44f8d0f766b340b72d555a8df8a72) Importer(815301076,1909f56bfc062723c751e8b465ee728b)  -> (artifact id: 'dfc2b1e71deb819816e9fe0576c1f27f') in 0.009338 seconds 
  Import took 0.011452 seconds .

========================================================================
Received Import Request.
  Time since last request: 0.002671 seconds.
  path: Assets/Scripts
  artifactKey: Guid(77d7371e82c974a35ad24c88f9749914) Importer(815301076,1909f56bfc062723c751e8b465ee728b)
Start importing Assets/Scripts using Guid(77d7371e82c974a35ad24c88f9749914) Importer(815301076,1909f56bfc062723c751e8b465ee728b)  -> (artifact id: '8d8e4d48c03413714362e3a5bf3b04cc') in 0.003923 seconds 
  Import took 0.006004 seconds .

========================================================================
Received Import Request.
  Time since last request: 0.003534 seconds.
  path: Assets/Scripts/CameraManager.cs
  artifactKey: Guid(51eac216bc73141f5a6c91f7807c136b) Importer(815301076,1909f56bfc062723c751e8b465ee728b)
Start importing Assets/Scripts/CameraManager.cs using Guid(51eac216bc73141f5a6c91f7807c136b) Importer(815301076,1909f56bfc062723c751e8b465ee728b)  -> (artifact id: '386a1325253ab65a414a0b96ade15092') in 0.004498 seconds 
  Import took 0.006410 seconds .

========================================================================
Received Import Request.
  Time since last request: 0.005629 seconds.
  path: Assets/AllSky_Skybox/Overcast Low/AllSky_Overcast4_Low.unity
  artifactKey: Guid(5d6a31542c4b5409faf229e819f55341) Importer(815301076,1909f56bfc062723c751e8b465ee728b)
Start importing Assets/AllSky_Skybox/Overcast Low/AllSky_Overcast4_Low.unity using Guid(5d6a31542c4b5409faf229e819f55341) Importer(815301076,1909f56bfc062723c751e8b465ee728b)  -> (artifact id: '987c385b170fd7e0f4372de7780d227c') in 0.004330 seconds 
  Import took 0.006295 seconds .

========================================================================
Received Import Request.
  Time since last request: 0.003786 seconds.
  path: Assets/BrokenVector_Rocks/LowPolyRockPack/Prefabs/Rock Type3 04.prefab
  artifactKey: Guid(ace40d2a4a1290f4f96f01a7e4ecd7f7) Importer(815301076,1909f56bfc062723c751e8b465ee728b)
Start importing Assets/BrokenVector_Rocks/LowPolyRockPack/Prefabs/Rock Type3 04.prefab using Guid(ace40d2a4a1290f4f96f01a7e4ecd7f7) Importer(815301076,1909f56bfc062723c751e8b465ee728b)  -> (artifact id: '5ae1943d1f12050a240fd41cf5634d73') in 0.008185 seconds 
  Import took 0.010346 seconds .

========================================================================
Received Import Request.
  Time since last request: 0.004177 seconds.
  path: Assets/BrokenVector_Rocks/LowPolyRockPack/Textures/Colorsheet Rock Grey.png
  artifactKey: Guid(6eb1476b439514548903a089becbf46a) Importer(815301076,1909f56bfc062723c751e8b465ee728b)
Start importing Assets/BrokenVector_Rocks/LowPolyRockPack/Textures/Colorsheet Rock Grey.png using Guid(6eb1476b439514548903a089becbf46a) Importer(815301076,1909f56bfc062723c751e8b465ee728b)  -> (artifact id: '1f94d3900536988536d6b9c53865cea7') in 0.006751 seconds 
  Import took 0.008732 seconds .

========================================================================
Received Import Request.
  Time since last request: 0.002509 seconds.
  path: Assets/BrokenVector_Rocks/LowPolyRockPack/Prefabs
  artifactKey: Guid(79d1a871533b28849beed9b359cca993) Importer(815301076,1909f56bfc062723c751e8b465ee728b)
Start importing Assets/BrokenVector_Rocks/LowPolyRockPack/Prefabs using Guid(79d1a871533b28849beed9b359cca993) Importer(815301076,1909f56bfc062723c751e8b465ee728b)  -> (artifact id: 'd6d082f32ae306aab864b7c84e4f8079') in 0.001570 seconds 
  Import took 0.003550 seconds .

========================================================================
Received Import Request.
  Time since last request: 0.003608 seconds.
  path: Assets/BrokenVector_Rocks/LowPolyRockPack/Models/Rock Type6 02.dae
  artifactKey: Guid(d9a37c1e81c2edd418eab77179043eb0) Importer(815301076,1909f56bfc062723c751e8b465ee728b)
Start importing Assets/BrokenVector_Rocks/LowPolyRockPack/Models/Rock Type6 02.dae using Guid(d9a37c1e81c2edd418eab77179043eb0) Importer(815301076,1909f56bfc062723c751e8b465ee728b)  -> (artifact id: '353f24aa89bad4dfa548e57dd1b27ff3') in 0.013857 seconds 
  Import took 0.016013 seconds .

========================================================================
Received Import Request.
  Time since last request: 0.004487 seconds.
  path: Assets/AllSky_Skybox/Overcast Low/Sky_AllSky_Overcast4_Low_Cam_5_Down-Y.png
  artifactKey: Guid(4164b771c2b784c2da3cbe10847a182e) Importer(815301076,1909f56bfc062723c751e8b465ee728b)
Start importing Assets/AllSky_Skybox/Overcast Low/Sky_AllSky_Overcast4_Low_Cam_5_Down-Y.png using Guid(4164b771c2b784c2da3cbe10847a182e) Importer(815301076,1909f56bfc062723c751e8b465ee728b)  -> (artifact id: '98561bd9a8ae3c3b990401fa6b575628') in 0.009232 seconds 
  Import took 0.011265 seconds .

========================================================================
Received Import Request.
  Time since last request: 0.004157 seconds.
  path: Assets/AllSky_Skybox/Overcast Low/Sky_AllSky_Overcast4_Low_Cam_0_Front+Z.png
  artifactKey: Guid(402fe3aa91fba453f92dd3bbe820dbd9) Importer(815301076,1909f56bfc062723c751e8b465ee728b)
Start importing Assets/AllSky_Skybox/Overcast Low/Sky_AllSky_Overcast4_Low_Cam_0_Front+Z.png using Guid(402fe3aa91fba453f92dd3bbe820dbd9) Importer(815301076,1909f56bfc062723c751e8b465ee728b)  -> (artifact id: '28cdf06ecd9dd1d55ceed18050e751f5') in 0.008783 seconds 
  Import took 0.010869 seconds .

